Removed Pin From Net: NetName=NetIC9_5 Pin=JP5-1
Removed Pin From Net: NetName=NetIC9_4 Pin=JP5-2
Removed Pin From Net: NetName=NetIC9_3 Pin=JP5-3
Removed Pin From Net: NetName=NetIC9_2 Pin=JP5-4
Removed Pin From Net: NetName=GND Pin=JP5-5
Removed Pin From Net: NetName=GND Pin=JP5-6
Removed Pin From Net: NetName=GND Pin=JP5-7
Removed Pin From Net: NetName=GND Pin=JP5-8
Removed Pin From Net: NetName=NetIC9_7 Pin=JP5-9
Removed Pin From Net: NetName=GND Pin=JP5-10
Removed Pin From Net: NetName=NetIC9_6 Pin=JP5-11
Removed Pin From Net: NetName=GND Pin=JP5-13
Removed Pin From Net: NetName=VCC Pin=JP5-14
Removed Pin From Net: NetName=NetIC9_8 Pin=JP5-15
Removed Pin From Net: NetName=GND Pin=JP5-18
Removed Pin From Net: NetName=VCC Pin=R8-1
Removed Pin From Net: NetName=GND Pin=R8-2
Removed Pin From Net: NetName=VCC Pin=R9-1
Removed Member From Class: ClassName=homecomputer-6502_3 Member=JP5
Removed Member From Class: ClassName=homecomputer-6502_3 Member=R8
Removed Member From Class: ClassName=homecomputer-6502_3 Member=R9
