Removed Pin From Net: NetName=GND Pin=C15-1
Removed Pin From Net: NetName=VCC Pin=C15-2
Removed Pin From Net: NetName=GND Pin=C16-2
Removed Pin From Net: NetName=GND Pin=C17-1
Removed Pin From Net: NetName=NetIC3_2 Pin=IC12-5
Removed Pin From Net: NetName=NetIC2_5 Pin=IC12-6
Removed Pin From Net: NetName=NetIC6_34 Pin=IC12-7
Removed Pin From Net: NetName=NetIC5_12 Pin=IC12-8
Removed Pin From Net: NetName=A0 Pin=IC12-9
Removed Pin From Net: NetName=A1 Pin=IC12-10
Removed Pin From Net: NetName=A2 Pin=IC12-11
Removed Pin From Net: NetName=A3 Pin=IC12-12
Removed Pin From Net: NetName=A4 Pin=IC12-13
Removed Pin From Net: NetName=GND Pin=IC12-14
Removed Pin From Net: NetName=D0 Pin=IC12-15
Removed Pin From Net: NetName=D1 Pin=IC12-16
Removed Pin From Net: NetName=D2 Pin=IC12-17
Removed Pin From Net: NetName=D3 Pin=IC12-18
Removed Pin From Net: NetName=D4 Pin=IC12-19
Removed Pin From Net: NetName=D5 Pin=IC12-20
Removed Pin From Net: NetName=D6 Pin=IC12-21
Removed Pin From Net: NetName=D7 Pin=IC12-22
Removed Pin From Net: NetName=VCC Pin=IC12-25
Removed Pin From Net: NetName=VCC Pin=JP7-1
Removed Pin From Net: NetName=GND Pin=JP7-2
Removed Pin From Net: NetName=GND Pin=JP8-2
Removed Pin From Net: NetName=GND Pin=R11-1
Removed Pin From Net: NetName=GND Pin=R13-1
Removed Member From Class: ClassName=homecomputer-6502_4 Member=C15
Removed Member From Class: ClassName=homecomputer-6502_4 Member=C16
Removed Member From Class: ClassName=homecomputer-6502_4 Member=C17
Removed Member From Class: ClassName=homecomputer-6502_4 Member=C18
Removed Member From Class: ClassName=homecomputer-6502_4 Member=C19
Removed Member From Class: ClassName=homecomputer-6502_4 Member=C20
Removed Member From Class: ClassName=homecomputer-6502_4 Member=FB1
Removed Member From Class: ClassName=homecomputer-6502_4 Member=IC12
Removed Member From Class: ClassName=homecomputer-6502_4 Member=JP7
Removed Member From Class: ClassName=homecomputer-6502_4 Member=JP8
Removed Member From Class: ClassName=homecomputer-6502_4 Member=R11
Removed Member From Class: ClassName=homecomputer-6502_4 Member=R12
Removed Member From Class: ClassName=homecomputer-6502_4 Member=R13
Removed Member From Class: ClassName=homecomputer-6502_4 Member=T1
