                                      1 ;--------------------------------------------------------
                                      2 ; File Created by SDCC : free open source ANSI-C Compiler
                                      3 ; Version 3.5.0 #9253 (Mar 28 2016) (Linux)
                                      4 ; This file was generated Wed Jan  2 15:12:32 2019
                                      5 ;--------------------------------------------------------
                                      6 	.module stm8s_gpio
                                      7 	.optsdcc -mstm8
                                      8 	
                                      9 ;--------------------------------------------------------
                                     10 ; Public variables in this module
                                     11 ;--------------------------------------------------------
                                     12 	.globl _assert_failed
                                     13 	.globl _GPIO_DeInit
                                     14 	.globl _GPIO_Init
                                     15 	.globl _GPIO_Write
                                     16 	.globl _GPIO_WriteHigh
                                     17 	.globl _GPIO_WriteLow
                                     18 	.globl _GPIO_WriteReverse
                                     19 	.globl _GPIO_ReadOutputData
                                     20 	.globl _GPIO_ReadInputData
                                     21 	.globl _GPIO_ReadInputPin
                                     22 	.globl _GPIO_ExternalPullUpConfig
                                     23 ;--------------------------------------------------------
                                     24 ; ram data
                                     25 ;--------------------------------------------------------
                                     26 	.area DATA
                                     27 ;--------------------------------------------------------
                                     28 ; ram data
                                     29 ;--------------------------------------------------------
                                     30 	.area INITIALIZED
                                     31 ;--------------------------------------------------------
                                     32 ; absolute external ram data
                                     33 ;--------------------------------------------------------
                                     34 	.area DABS (ABS)
                                     35 ;--------------------------------------------------------
                                     36 ; global & static initialisations
                                     37 ;--------------------------------------------------------
                                     38 	.area HOME
                                     39 	.area GSINIT
                                     40 	.area GSFINAL
                                     41 	.area GSINIT
                                     42 ;--------------------------------------------------------
                                     43 ; Home
                                     44 ;--------------------------------------------------------
                                     45 	.area HOME
                                     46 	.area HOME
                                     47 ;--------------------------------------------------------
                                     48 ; code
                                     49 ;--------------------------------------------------------
                                     50 	.area CODE
                                     51 ;	../src/stm8s_gpio.c: 53: void GPIO_DeInit(GPIO_TypeDef* GPIOx)
                                     52 ;	-----------------------------------------
                                     53 ;	 function GPIO_DeInit
                                     54 ;	-----------------------------------------
      000000                         55 _GPIO_DeInit:
      000000 89               [ 2]   56 	pushw	x
                                     57 ;	../src/stm8s_gpio.c: 55: GPIOx->ODR = GPIO_ODR_RESET_VALUE; /* Reset Output Data Register */
      000001 16 05            [ 2]   58 	ldw	y, (0x05, sp)
      000003 17 01            [ 2]   59 	ldw	(0x01, sp), y
      000005 1E 01            [ 2]   60 	ldw	x, (0x01, sp)
      000007 7F               [ 1]   61 	clr	(x)
                                     62 ;	../src/stm8s_gpio.c: 56: GPIOx->DDR = GPIO_DDR_RESET_VALUE; /* Reset Data Direction Register */
      000008 1E 01            [ 2]   63 	ldw	x, (0x01, sp)
      00000A 5C               [ 2]   64 	incw	x
      00000B 5C               [ 2]   65 	incw	x
      00000C 7F               [ 1]   66 	clr	(x)
                                     67 ;	../src/stm8s_gpio.c: 57: GPIOx->CR1 = GPIO_CR1_RESET_VALUE; /* Reset Control Register 1 */
      00000D 1E 01            [ 2]   68 	ldw	x, (0x01, sp)
      00000F 1C 00 03         [ 2]   69 	addw	x, #0x0003
      000012 7F               [ 1]   70 	clr	(x)
                                     71 ;	../src/stm8s_gpio.c: 58: GPIOx->CR2 = GPIO_CR2_RESET_VALUE; /* Reset Control Register 2 */
      000013 1E 01            [ 2]   72 	ldw	x, (0x01, sp)
      000015 1C 00 04         [ 2]   73 	addw	x, #0x0004
      000018 7F               [ 1]   74 	clr	(x)
      000019 85               [ 2]   75 	popw	x
      00001A 81               [ 4]   76 	ret
                                     77 ;	../src/stm8s_gpio.c: 71: void GPIO_Init(GPIO_TypeDef* GPIOx, GPIO_Pin_TypeDef GPIO_Pin, GPIO_Mode_TypeDef GPIO_Mode)
                                     78 ;	-----------------------------------------
                                     79 ;	 function GPIO_Init
                                     80 ;	-----------------------------------------
      00001B                         81 _GPIO_Init:
      00001B 52 05            [ 2]   82 	sub	sp, #5
                                     83 ;	../src/stm8s_gpio.c: 77: assert_param(IS_GPIO_MODE_OK(GPIO_Mode));
      00001D 0D 0B            [ 1]   84 	tnz	(0x0b, sp)
      00001F 27 53            [ 1]   85 	jreq	00116$
      000021 7B 0B            [ 1]   86 	ld	a, (0x0b, sp)
      000023 A1 40            [ 1]   87 	cp	a, #0x40
      000025 27 4D            [ 1]   88 	jreq	00116$
      000027 7B 0B            [ 1]   89 	ld	a, (0x0b, sp)
      000029 A1 20            [ 1]   90 	cp	a, #0x20
      00002B 27 47            [ 1]   91 	jreq	00116$
      00002D 7B 0B            [ 1]   92 	ld	a, (0x0b, sp)
      00002F A1 60            [ 1]   93 	cp	a, #0x60
      000031 27 41            [ 1]   94 	jreq	00116$
      000033 7B 0B            [ 1]   95 	ld	a, (0x0b, sp)
      000035 A1 A0            [ 1]   96 	cp	a, #0xa0
      000037 27 3B            [ 1]   97 	jreq	00116$
      000039 7B 0B            [ 1]   98 	ld	a, (0x0b, sp)
      00003B A1 E0            [ 1]   99 	cp	a, #0xe0
      00003D 27 35            [ 1]  100 	jreq	00116$
      00003F 7B 0B            [ 1]  101 	ld	a, (0x0b, sp)
      000041 A1 80            [ 1]  102 	cp	a, #0x80
      000043 27 2F            [ 1]  103 	jreq	00116$
      000045 7B 0B            [ 1]  104 	ld	a, (0x0b, sp)
      000047 A1 C0            [ 1]  105 	cp	a, #0xc0
      000049 27 29            [ 1]  106 	jreq	00116$
      00004B 7B 0B            [ 1]  107 	ld	a, (0x0b, sp)
      00004D A1 B0            [ 1]  108 	cp	a, #0xb0
      00004F 27 23            [ 1]  109 	jreq	00116$
      000051 7B 0B            [ 1]  110 	ld	a, (0x0b, sp)
      000053 A1 F0            [ 1]  111 	cp	a, #0xf0
      000055 27 1D            [ 1]  112 	jreq	00116$
      000057 7B 0B            [ 1]  113 	ld	a, (0x0b, sp)
      000059 A1 90            [ 1]  114 	cp	a, #0x90
      00005B 27 17            [ 1]  115 	jreq	00116$
      00005D 7B 0B            [ 1]  116 	ld	a, (0x0b, sp)
      00005F A1 D0            [ 1]  117 	cp	a, #0xd0
      000061 27 11            [ 1]  118 	jreq	00116$
      000063 90 AEr01r7C      [ 2]  119 	ldw	y, #___str_0+0
      000067 4B 4D            [ 1]  120 	push	#0x4d
      000069 5F               [ 1]  121 	clrw	x
      00006A 89               [ 2]  122 	pushw	x
      00006B 4B 00            [ 1]  123 	push	#0x00
      00006D 90 89            [ 2]  124 	pushw	y
      00006F CDr00r00         [ 4]  125 	call	_assert_failed
      000072 5B 06            [ 2]  126 	addw	sp, #6
      000074                        127 00116$:
                                    128 ;	../src/stm8s_gpio.c: 78: assert_param(IS_GPIO_PIN_OK(GPIO_Pin));
      000074 0D 0A            [ 1]  129 	tnz	(0x0a, sp)
      000076 26 11            [ 1]  130 	jrne	00151$
      000078 90 AEr01r7C      [ 2]  131 	ldw	y, #___str_0+0
      00007C 4B 4E            [ 1]  132 	push	#0x4e
      00007E 5F               [ 1]  133 	clrw	x
      00007F 89               [ 2]  134 	pushw	x
      000080 4B 00            [ 1]  135 	push	#0x00
      000082 90 89            [ 2]  136 	pushw	y
      000084 CDr00r00         [ 4]  137 	call	_assert_failed
      000087 5B 06            [ 2]  138 	addw	sp, #6
      000089                        139 00151$:
                                    140 ;	../src/stm8s_gpio.c: 81: GPIOx->CR2 &= (uint8_t)(~(GPIO_Pin));
      000089 16 08            [ 2]  141 	ldw	y, (0x08, sp)
      00008B 17 01            [ 2]  142 	ldw	(0x01, sp), y
      00008D 1E 01            [ 2]  143 	ldw	x, (0x01, sp)
      00008F 1C 00 04         [ 2]  144 	addw	x, #0x0004
      000092 1F 03            [ 2]  145 	ldw	(0x03, sp), x
      000094 1E 03            [ 2]  146 	ldw	x, (0x03, sp)
      000096 F6               [ 1]  147 	ld	a, (x)
      000097 95               [ 1]  148 	ld	xh, a
      000098 7B 0A            [ 1]  149 	ld	a, (0x0a, sp)
      00009A 43               [ 1]  150 	cpl	a
      00009B 6B 05            [ 1]  151 	ld	(0x05, sp), a
      00009D 9E               [ 1]  152 	ld	a, xh
      00009E 14 05            [ 1]  153 	and	a, (0x05, sp)
      0000A0 1E 03            [ 2]  154 	ldw	x, (0x03, sp)
      0000A2 F7               [ 1]  155 	ld	(x), a
                                    156 ;	../src/stm8s_gpio.c: 98: GPIOx->DDR |= (uint8_t)GPIO_Pin;
      0000A3 1E 01            [ 2]  157 	ldw	x, (0x01, sp)
      0000A5 5C               [ 2]  158 	incw	x
      0000A6 5C               [ 2]  159 	incw	x
                                    160 ;	../src/stm8s_gpio.c: 87: if ((((uint8_t)(GPIO_Mode)) & (uint8_t)0x80) != (uint8_t)0x00) /* Output mode */
      0000A7 0D 0B            [ 1]  161 	tnz	(0x0b, sp)
      0000A9 2A 20            [ 1]  162 	jrpl	00105$
                                    163 ;	../src/stm8s_gpio.c: 91: GPIOx->ODR |= (uint8_t)GPIO_Pin;
      0000AB 16 01            [ 2]  164 	ldw	y, (0x01, sp)
      0000AD 90 F6            [ 1]  165 	ld	a, (y)
                                    166 ;	../src/stm8s_gpio.c: 89: if ((((uint8_t)(GPIO_Mode)) & (uint8_t)0x10) != (uint8_t)0x00) /* High level */
      0000AF 88               [ 1]  167 	push	a
      0000B0 7B 0C            [ 1]  168 	ld	a, (0x0c, sp)
      0000B2 A5 10            [ 1]  169 	bcp	a, #0x10
      0000B4 84               [ 1]  170 	pop	a
      0000B5 27 08            [ 1]  171 	jreq	00102$
                                    172 ;	../src/stm8s_gpio.c: 91: GPIOx->ODR |= (uint8_t)GPIO_Pin;
      0000B7 1A 0A            [ 1]  173 	or	a, (0x0a, sp)
      0000B9 16 01            [ 2]  174 	ldw	y, (0x01, sp)
      0000BB 90 F7            [ 1]  175 	ld	(y), a
      0000BD 20 06            [ 2]  176 	jra	00103$
      0000BF                        177 00102$:
                                    178 ;	../src/stm8s_gpio.c: 95: GPIOx->ODR &= (uint8_t)(~(GPIO_Pin));
      0000BF 14 05            [ 1]  179 	and	a, (0x05, sp)
      0000C1 16 01            [ 2]  180 	ldw	y, (0x01, sp)
      0000C3 90 F7            [ 1]  181 	ld	(y), a
      0000C5                        182 00103$:
                                    183 ;	../src/stm8s_gpio.c: 98: GPIOx->DDR |= (uint8_t)GPIO_Pin;
      0000C5 F6               [ 1]  184 	ld	a, (x)
      0000C6 1A 0A            [ 1]  185 	or	a, (0x0a, sp)
      0000C8 F7               [ 1]  186 	ld	(x), a
      0000C9 20 04            [ 2]  187 	jra	00106$
      0000CB                        188 00105$:
                                    189 ;	../src/stm8s_gpio.c: 103: GPIOx->DDR &= (uint8_t)(~(GPIO_Pin));
      0000CB F6               [ 1]  190 	ld	a, (x)
      0000CC 14 05            [ 1]  191 	and	a, (0x05, sp)
      0000CE F7               [ 1]  192 	ld	(x), a
      0000CF                        193 00106$:
                                    194 ;	../src/stm8s_gpio.c: 112: GPIOx->CR1 |= (uint8_t)GPIO_Pin;
      0000CF 1E 01            [ 2]  195 	ldw	x, (0x01, sp)
      0000D1 1C 00 03         [ 2]  196 	addw	x, #0x0003
                                    197 ;	../src/stm8s_gpio.c: 110: if ((((uint8_t)(GPIO_Mode)) & (uint8_t)0x40) != (uint8_t)0x00) /* Pull-Up or Push-Pull */
      0000D4 7B 0B            [ 1]  198 	ld	a, (0x0b, sp)
      0000D6 A5 40            [ 1]  199 	bcp	a, #0x40
      0000D8 27 06            [ 1]  200 	jreq	00108$
                                    201 ;	../src/stm8s_gpio.c: 112: GPIOx->CR1 |= (uint8_t)GPIO_Pin;
      0000DA F6               [ 1]  202 	ld	a, (x)
      0000DB 1A 0A            [ 1]  203 	or	a, (0x0a, sp)
      0000DD F7               [ 1]  204 	ld	(x), a
      0000DE 20 04            [ 2]  205 	jra	00109$
      0000E0                        206 00108$:
                                    207 ;	../src/stm8s_gpio.c: 116: GPIOx->CR1 &= (uint8_t)(~(GPIO_Pin));
      0000E0 F6               [ 1]  208 	ld	a, (x)
      0000E1 14 05            [ 1]  209 	and	a, (0x05, sp)
      0000E3 F7               [ 1]  210 	ld	(x), a
      0000E4                        211 00109$:
                                    212 ;	../src/stm8s_gpio.c: 123: if ((((uint8_t)(GPIO_Mode)) & (uint8_t)0x20) != (uint8_t)0x00) /* Interrupt or Slow slope */
      0000E4 7B 0B            [ 1]  213 	ld	a, (0x0b, sp)
      0000E6 A5 20            [ 1]  214 	bcp	a, #0x20
      0000E8 27 0A            [ 1]  215 	jreq	00111$
                                    216 ;	../src/stm8s_gpio.c: 125: GPIOx->CR2 |= (uint8_t)GPIO_Pin;
      0000EA 1E 03            [ 2]  217 	ldw	x, (0x03, sp)
      0000EC F6               [ 1]  218 	ld	a, (x)
      0000ED 1A 0A            [ 1]  219 	or	a, (0x0a, sp)
      0000EF 1E 03            [ 2]  220 	ldw	x, (0x03, sp)
      0000F1 F7               [ 1]  221 	ld	(x), a
      0000F2 20 08            [ 2]  222 	jra	00113$
      0000F4                        223 00111$:
                                    224 ;	../src/stm8s_gpio.c: 129: GPIOx->CR2 &= (uint8_t)(~(GPIO_Pin));
      0000F4 1E 03            [ 2]  225 	ldw	x, (0x03, sp)
      0000F6 F6               [ 1]  226 	ld	a, (x)
      0000F7 14 05            [ 1]  227 	and	a, (0x05, sp)
      0000F9 1E 03            [ 2]  228 	ldw	x, (0x03, sp)
      0000FB F7               [ 1]  229 	ld	(x), a
      0000FC                        230 00113$:
      0000FC 5B 05            [ 2]  231 	addw	sp, #5
      0000FE 81               [ 4]  232 	ret
                                    233 ;	../src/stm8s_gpio.c: 141: void GPIO_Write(GPIO_TypeDef* GPIOx, uint8_t PortVal)
                                    234 ;	-----------------------------------------
                                    235 ;	 function GPIO_Write
                                    236 ;	-----------------------------------------
      0000FF                        237 _GPIO_Write:
                                    238 ;	../src/stm8s_gpio.c: 143: GPIOx->ODR = PortVal;
      0000FF 1E 03            [ 2]  239 	ldw	x, (0x03, sp)
      000101 7B 05            [ 1]  240 	ld	a, (0x05, sp)
      000103 F7               [ 1]  241 	ld	(x), a
      000104 81               [ 4]  242 	ret
                                    243 ;	../src/stm8s_gpio.c: 154: void GPIO_WriteHigh(GPIO_TypeDef* GPIOx, GPIO_Pin_TypeDef PortPins)
                                    244 ;	-----------------------------------------
                                    245 ;	 function GPIO_WriteHigh
                                    246 ;	-----------------------------------------
      000105                        247 _GPIO_WriteHigh:
                                    248 ;	../src/stm8s_gpio.c: 156: GPIOx->ODR |= (uint8_t)PortPins;
      000105 1E 03            [ 2]  249 	ldw	x, (0x03, sp)
      000107 F6               [ 1]  250 	ld	a, (x)
      000108 1A 05            [ 1]  251 	or	a, (0x05, sp)
      00010A F7               [ 1]  252 	ld	(x), a
      00010B 81               [ 4]  253 	ret
                                    254 ;	../src/stm8s_gpio.c: 167: void GPIO_WriteLow(GPIO_TypeDef* GPIOx, GPIO_Pin_TypeDef PortPins)
                                    255 ;	-----------------------------------------
                                    256 ;	 function GPIO_WriteLow
                                    257 ;	-----------------------------------------
      00010C                        258 _GPIO_WriteLow:
      00010C 88               [ 1]  259 	push	a
                                    260 ;	../src/stm8s_gpio.c: 169: GPIOx->ODR &= (uint8_t)(~PortPins);
      00010D 1E 04            [ 2]  261 	ldw	x, (0x04, sp)
      00010F F6               [ 1]  262 	ld	a, (x)
      000110 6B 01            [ 1]  263 	ld	(0x01, sp), a
      000112 7B 06            [ 1]  264 	ld	a, (0x06, sp)
      000114 43               [ 1]  265 	cpl	a
      000115 14 01            [ 1]  266 	and	a, (0x01, sp)
      000117 F7               [ 1]  267 	ld	(x), a
      000118 84               [ 1]  268 	pop	a
      000119 81               [ 4]  269 	ret
                                    270 ;	../src/stm8s_gpio.c: 180: void GPIO_WriteReverse(GPIO_TypeDef* GPIOx, GPIO_Pin_TypeDef PortPins)
                                    271 ;	-----------------------------------------
                                    272 ;	 function GPIO_WriteReverse
                                    273 ;	-----------------------------------------
      00011A                        274 _GPIO_WriteReverse:
                                    275 ;	../src/stm8s_gpio.c: 182: GPIOx->ODR ^= (uint8_t)PortPins;
      00011A 1E 03            [ 2]  276 	ldw	x, (0x03, sp)
      00011C F6               [ 1]  277 	ld	a, (x)
      00011D 18 05            [ 1]  278 	xor	a, (0x05, sp)
      00011F F7               [ 1]  279 	ld	(x), a
      000120 81               [ 4]  280 	ret
                                    281 ;	../src/stm8s_gpio.c: 191: uint8_t GPIO_ReadOutputData(GPIO_TypeDef* GPIOx)
                                    282 ;	-----------------------------------------
                                    283 ;	 function GPIO_ReadOutputData
                                    284 ;	-----------------------------------------
      000121                        285 _GPIO_ReadOutputData:
                                    286 ;	../src/stm8s_gpio.c: 193: return ((uint8_t)GPIOx->ODR);
      000121 1E 03            [ 2]  287 	ldw	x, (0x03, sp)
      000123 F6               [ 1]  288 	ld	a, (x)
      000124 81               [ 4]  289 	ret
                                    290 ;	../src/stm8s_gpio.c: 202: uint8_t GPIO_ReadInputData(GPIO_TypeDef* GPIOx)
                                    291 ;	-----------------------------------------
                                    292 ;	 function GPIO_ReadInputData
                                    293 ;	-----------------------------------------
      000125                        294 _GPIO_ReadInputData:
                                    295 ;	../src/stm8s_gpio.c: 204: return ((uint8_t)GPIOx->IDR);
      000125 1E 03            [ 2]  296 	ldw	x, (0x03, sp)
      000127 E6 01            [ 1]  297 	ld	a, (0x1, x)
      000129 81               [ 4]  298 	ret
                                    299 ;	../src/stm8s_gpio.c: 213: BitStatus GPIO_ReadInputPin(GPIO_TypeDef* GPIOx, GPIO_Pin_TypeDef GPIO_Pin)
                                    300 ;	-----------------------------------------
                                    301 ;	 function GPIO_ReadInputPin
                                    302 ;	-----------------------------------------
      00012A                        303 _GPIO_ReadInputPin:
                                    304 ;	../src/stm8s_gpio.c: 215: return ((BitStatus)(GPIOx->IDR & (uint8_t)GPIO_Pin));
      00012A 1E 03            [ 2]  305 	ldw	x, (0x03, sp)
      00012C E6 01            [ 1]  306 	ld	a, (0x1, x)
      00012E 14 05            [ 1]  307 	and	a, (0x05, sp)
      000130 81               [ 4]  308 	ret
                                    309 ;	../src/stm8s_gpio.c: 225: void GPIO_ExternalPullUpConfig(GPIO_TypeDef* GPIOx, GPIO_Pin_TypeDef GPIO_Pin, FunctionalState NewState)
                                    310 ;	-----------------------------------------
                                    311 ;	 function GPIO_ExternalPullUpConfig
                                    312 ;	-----------------------------------------
      000131                        313 _GPIO_ExternalPullUpConfig:
      000131 88               [ 1]  314 	push	a
                                    315 ;	../src/stm8s_gpio.c: 228: assert_param(IS_GPIO_PIN_OK(GPIO_Pin));
      000132 0D 06            [ 1]  316 	tnz	(0x06, sp)
      000134 26 11            [ 1]  317 	jrne	00107$
      000136 90 AEr01r7C      [ 2]  318 	ldw	y, #___str_0+0
      00013A 4B E4            [ 1]  319 	push	#0xe4
      00013C 5F               [ 1]  320 	clrw	x
      00013D 89               [ 2]  321 	pushw	x
      00013E 4B 00            [ 1]  322 	push	#0x00
      000140 90 89            [ 2]  323 	pushw	y
      000142 CDr00r00         [ 4]  324 	call	_assert_failed
      000145 5B 06            [ 2]  325 	addw	sp, #6
      000147                        326 00107$:
                                    327 ;	../src/stm8s_gpio.c: 229: assert_param(IS_FUNCTIONALSTATE_OK(NewState));
      000147 0D 07            [ 1]  328 	tnz	(0x07, sp)
      000149 27 17            [ 1]  329 	jreq	00109$
      00014B 7B 07            [ 1]  330 	ld	a, (0x07, sp)
      00014D A1 01            [ 1]  331 	cp	a, #0x01
      00014F 27 11            [ 1]  332 	jreq	00109$
      000151 90 AEr01r7C      [ 2]  333 	ldw	y, #___str_0+0
      000155 4B E5            [ 1]  334 	push	#0xe5
      000157 5F               [ 1]  335 	clrw	x
      000158 89               [ 2]  336 	pushw	x
      000159 4B 00            [ 1]  337 	push	#0x00
      00015B 90 89            [ 2]  338 	pushw	y
      00015D CDr00r00         [ 4]  339 	call	_assert_failed
      000160 5B 06            [ 2]  340 	addw	sp, #6
      000162                        341 00109$:
                                    342 ;	../src/stm8s_gpio.c: 233: GPIOx->CR1 |= (uint8_t)GPIO_Pin;
      000162 1E 04            [ 2]  343 	ldw	x, (0x04, sp)
      000164 1C 00 03         [ 2]  344 	addw	x, #0x0003
                                    345 ;	../src/stm8s_gpio.c: 231: if (NewState != DISABLE) /* External Pull-Up Set*/
      000167 0D 07            [ 1]  346 	tnz	(0x07, sp)
      000169 27 06            [ 1]  347 	jreq	00102$
                                    348 ;	../src/stm8s_gpio.c: 233: GPIOx->CR1 |= (uint8_t)GPIO_Pin;
      00016B F6               [ 1]  349 	ld	a, (x)
      00016C 1A 06            [ 1]  350 	or	a, (0x06, sp)
      00016E F7               [ 1]  351 	ld	(x), a
      00016F 20 09            [ 2]  352 	jra	00104$
      000171                        353 00102$:
                                    354 ;	../src/stm8s_gpio.c: 236: GPIOx->CR1 &= (uint8_t)(~(GPIO_Pin));
      000171 F6               [ 1]  355 	ld	a, (x)
      000172 6B 01            [ 1]  356 	ld	(0x01, sp), a
      000174 7B 06            [ 1]  357 	ld	a, (0x06, sp)
      000176 43               [ 1]  358 	cpl	a
      000177 14 01            [ 1]  359 	and	a, (0x01, sp)
      000179 F7               [ 1]  360 	ld	(x), a
      00017A                        361 00104$:
      00017A 84               [ 1]  362 	pop	a
      00017B 81               [ 4]  363 	ret
                                    364 	.area CODE
      00017C                        365 ___str_0:
      00017C 2E 2E 2F 73 72 63 2F   366 	.ascii "../src/stm8s_gpio.c"
             73 74 6D 38 73 5F 67
             70 69 6F 2E 63
      00018F 00                     367 	.db 0x00
                                    368 	.area INITIALIZER
                                    369 	.area CABS (ABS)
