Removed Pin From Net: NetName=GND Pin=C3-2
Removed Pin From Net: NetName=GND Pin=C8-1
Removed Pin From Net: NetName=GND Pin=C9-1
Removed Pin From Net: NetName=GND Pin=U3-8
Removed Pin From Net: NetName=5V Pin=U3-10
Removed Pin From Net: NetName=PA2 Pin=U3-11
Removed Pin From Net: NetName=PA1 Pin=U3-12
Removed Pin From Net: NetName=GND Pin=U3-13
Removed Pin From Net: NetName=PA3 Pin=U3-14
Removed Pin From Net: NetName=5V Pin=U3-16
Removed Pin From Net: NetName=GND Pin=U4-8
Removed Pin From Net: NetName=5V Pin=U4-10
Removed Pin From Net: NetName=PA2 Pin=U4-11
Removed Pin From Net: NetName=PA1 Pin=U4-12
Removed Pin From Net: NetName=GND Pin=U4-13
Removed Pin From Net: NetName=5V Pin=U4-16
Removed Pin From Net: NetName=PD3 Pin=U5-11
Removed Pin From Net: NetName=PD2 Pin=U5-12
Removed Pin From Net: NetName=PD1 Pin=U5-13
Removed Pin From Net: NetName=GND Pin=U5-14
Removed Pin From Net: NetName=PC7 Pin=U5-15
Removed Pin From Net: NetName=PC6 Pin=U5-16
Removed Pin From Net: NetName=PC5 Pin=U5-17
Removed Pin From Net: NetName=PC4 Pin=U5-18
Removed Pin From Net: NetName=PC3 Pin=U5-19
Removed Pin From Net: NetName=PD4 Pin=U5-20
Removed Pin From Net: NetName=PB5 Pin=U5-22
Removed Pin From Net: NetName=PB4 Pin=U5-27
Removed Pin From Net: NetName=5V Pin=U5-28
Removed Pin From Net: NetName=GND Pin=U6-1
Removed Pin From Net: NetName=PD6 Pin=U6-2
Removed Pin From Net: NetName=PD5 Pin=U6-3
Removed Pin From Net: NetName=USB_P Pin=U6-5
Removed Pin From Net: NetName=USB_N Pin=U6-6
Removed Pin From Net: NetName=5V Pin=U6-16
Removed Member From Class: ClassName=stm8 Member=C3
Removed Member From Class: ClassName=stm8 Member=C8
Removed Member From Class: ClassName=stm8 Member=C9
Removed Member From Class: ClassName=stm8 Member=U3
Removed Member From Class: ClassName=stm8 Member=U4
Removed Member From Class: ClassName=stm8 Member=U5
Removed Member From Class: ClassName=stm8 Member=U6
Removed Member From Class: ClassName=stm8 Member=X1
Added Component: Designator=J?(IDC20)
Add component. Clean all parameters for all variants
Added Pin To Net: NetName=PD3 Pin=D2-2
Added Pin To Net: NetName=GND Pin=J?-1
Added Pin To Net: NetName=5V Pin=J?-2
Added Pin To Net: NetName=PD4 Pin=J?-3
Added Pin To Net: NetName=PC7 Pin=J?-4
Added Pin To Net: NetName=PA1 Pin=J?-5
Added Pin To Net: NetName=PD2 Pin=J?-6
Added Pin To Net: NetName=PA2 Pin=J?-7
Added Pin To Net: NetName=PD3 Pin=J?-8
Added Pin To Net: NetName=PA3 Pin=J?-9
Added Pin To Net: NetName=PC3 Pin=J?-11
Added Pin To Net: NetName=PC4 Pin=J?-13
Added Pin To Net: NetName=PC5 Pin=J?-15
Added Pin To Net: NetName=PC6 Pin=J?-17
Added Pin To Net: NetName=GND Pin=J?-19
Added Pin To Net: NetName=5V Pin=J?-20
Added Member To Class: ClassName=stm8 Member=Component J? IDC20
