ca65 V2.17 - Git 180bb082
Main file   : shell.s
Current file: shell.s

000000r 1               ;
000000r 1               ; File generated by cc65 v 2.17 - Git 180bb082
000000r 1               ;
000000r 1               	.fopt		compiler,"cc65 v 2.17 - Git 180bb082"
000000r 1               	.setcpu		"6502"
000000r 1               	.smart		on
000000r 1               	.autoimport	on
000000r 1               	.case		on
000000r 1               	.debuginfo	off
000000r 1               	.importzp	sp, sreg, regsave, regbank
000000r 1               	.importzp	tmp1, tmp2, tmp3, tmp4, ptr1, ptr2, ptr3, ptr4
000000r 1               	.macpack	longbranch
000000r 2               .macro  jeq     Target
000000r 2                       .if     .match(Target, 0)
000000r 2                       bne     *+5
000000r 2                       jmp     Target
000000r 2                       .elseif .def(Target) .and .const((*-2)-(Target)) .and ((*+2)-(Target) <= 127)
000000r 2                               beq     Target
000000r 2                       .else
000000r 2                               bne     *+5
000000r 2                               jmp     Target
000000r 2                       .endif
000000r 2               .endmacro
000000r 2               .macro  jne     Target
000000r 2                       .if     .match(Target, 0)
000000r 2                               beq     *+5
000000r 2                               jmp     Target
000000r 2                       .elseif .def(Target) .and .const((*-2)-(Target)) .and ((*+2)-(Target) <= 127)
000000r 2                               bne     Target
000000r 2                       .else
000000r 2                               beq     *+5
000000r 2                               jmp     Target
000000r 2                       .endif
000000r 2               .endmacro
000000r 2               .macro  jmi     Target
000000r 2                       .if     .match(Target, 0)
000000r 2                               bpl     *+5
000000r 2                               jmp     Target
000000r 2                       .elseif .def(Target) .and .const((*-2)-(Target)) .and ((*+2)-(Target) <= 127)
000000r 2                               bmi     Target
000000r 2                       .else
000000r 2                               bpl     *+5
000000r 2                               jmp     Target
000000r 2                       .endif
000000r 2               .endmacro
000000r 2               .macro  jpl     Target
000000r 2                       .if     .match(Target, 0)
000000r 2                               bmi     *+5
000000r 2                               jmp     Target
000000r 2                       .elseif .def(Target) .and .const((*-2)-(Target)) .and ((*+2)-(Target) <= 127)
000000r 2                               bpl     Target
000000r 2                       .else
000000r 2                               bmi     *+5
000000r 2                               jmp     Target
000000r 2                       .endif
000000r 2               .endmacro
000000r 2               .macro  jcs     Target
000000r 2                       .if     .match(Target, 0)
000000r 2                               bcc     *+5
000000r 2                               jmp     Target
000000r 2                       .elseif .def(Target) .and .const((*-2)-(Target)) .and ((*+2)-(Target) <= 127)
000000r 2                               bcs     Target
000000r 2                       .else
000000r 2                               bcc     *+5
000000r 2                               jmp     Target
000000r 2                       .endif
000000r 2               .endmacro
000000r 2               .macro  jcc     Target
000000r 2                       .if     .match(Target, 0)
000000r 2                               bcs     *+5
000000r 2                               jmp     Target
000000r 2                       .elseif .def(Target) .and .const((*-2)-(Target)) .and ((*+2)-(Target) <= 127)
000000r 2                               bcc     Target
000000r 2                       .else
000000r 2                               bcs     *+5
000000r 2                               jmp     Target
000000r 2                       .endif
000000r 2               .endmacro
000000r 2               .macro  jvs     Target
000000r 2                       .if     .match(Target, 0)
000000r 2                               bvc     *+5
000000r 2                               jmp     Target
000000r 2                       .elseif .def(Target) .and .const((*-2)-(Target)) .and ((*+2)-(Target) <= 127)
000000r 2                               bvs     Target
000000r 2                       .else
000000r 2                               bvc     *+5
000000r 2                               jmp     Target
000000r 2                       .endif
000000r 2               .endmacro
000000r 2               .macro  jvc     Target
000000r 2                       .if     .match(Target, 0)
000000r 2                               bvs     *+5
000000r 2                               jmp     Target
000000r 2                       .elseif .def(Target) .and .const((*-2)-(Target)) .and ((*+2)-(Target) <= 127)
000000r 2                               bvc     Target
000000r 2                       .else
000000r 2                               bvs     *+5
000000r 2                               jmp     Target
000000r 2                       .endif
000000r 2               .endmacro
000000r 2               
000000r 1               	.import		_strtoul
000000r 1               	.import		_strcmp
000000r 1               	.import		_strlen
000000r 1               	.import		_memset
000000r 1               	.import		_uart_printf
000000r 1               	.import		_gpio_init
000000r 1               	.import		_gpio_write
000000r 1               	.import		_gpio_read
000000r 1               	.import		_ps2_process
000000r 1               	.export		_shell_cmd
000000r 1               	.export		_argc
000000r 1               	.export		_argv
000000r 1               	.export		_ci
000000r 1               	.export		_cook
000000r 1               	.export		_gi
000000r 1               	.export		_gi_get
000000r 1               	.export		_shell
000000r 1               
000000r 1               .segment	"DATA"
000000r 1               
000000r 1               _shell_cmd:
000000r 1  00 00        	.word	$0000
000002r 1               _argv:
000002r 1  00 00        	.word	$0000
000004r 1  00 00 00 00  	.res	10,$00
000008r 1  00 00 00 00  
00000Cr 1  00 00        
00000Er 1               _ci:
00000Er 1  rr rr        	.addr	L0005
000010r 1  rr rr        	.addr	_cmd_read
000012r 1  rr rr        	.addr	L0008
000014r 1  rr rr        	.addr	L000A
000016r 1  rr rr        	.addr	_cmd_write
000018r 1  rr rr        	.addr	L000D
00001Ar 1  rr rr        	.addr	L000F
00001Cr 1  rr rr        	.addr	_cmd_exec
00001Er 1  rr rr        	.addr	L0012
000020r 1  rr rr        	.addr	L0014
000022r 1  rr rr        	.addr	_cmd_dumpw
000024r 1  rr rr        	.addr	L0017
000026r 1  rr rr        	.addr	L0019
000028r 1  rr rr        	.addr	_cmd_dumpb
00002Ar 1  rr rr        	.addr	L001C
00002Cr 1  rr rr        	.addr	L001E
00002Er 1  rr rr        	.addr	_cmd_gpio
000030r 1  rr rr        	.addr	L0021
000032r 1  rr rr        	.addr	L0023
000034r 1  rr rr        	.addr	_cmd_help
000036r 1  rr rr        	.addr	L0026
000038r 1               _gi:
000038r 1  56 49 41 31  	.byte	$56,$49,$41,$31,$5F,$50,$41,$30,$00
00003Cr 1  5F 50 41 30  
000040r 1  00           
000041r 1  00 00 00 00  	.res	7,$00
000045r 1  00 00 00     
000048r 1  A0 00 20 7F  	.dword	$7F2000A0
00004Cr 1  56 49 41 31  	.byte	$56,$49,$41,$31,$5F,$50,$41,$31,$00
000050r 1  5F 50 41 31  
000054r 1  00           
000055r 1  00 00 00 00  	.res	7,$00
000059r 1  00 00 00     
00005Cr 1  A1 00 20 7F  	.dword	$7F2000A1
000060r 1  56 49 41 31  	.byte	$56,$49,$41,$31,$5F,$50,$41,$32,$00
000064r 1  5F 50 41 32  
000068r 1  00           
000069r 1  00 00 00 00  	.res	7,$00
00006Dr 1  00 00 00     
000070r 1  A2 00 20 7F  	.dword	$7F2000A2
000074r 1  56 49 41 31  	.byte	$56,$49,$41,$31,$5F,$50,$41,$33,$00
000078r 1  5F 50 41 33  
00007Cr 1  00           
00007Dr 1  00 00 00 00  	.res	7,$00
000081r 1  00 00 00     
000084r 1  A3 00 20 7F  	.dword	$7F2000A3
000088r 1  56 49 41 31  	.byte	$56,$49,$41,$31,$5F,$50,$41,$34,$00
00008Cr 1  5F 50 41 34  
000090r 1  00           
000091r 1  00 00 00 00  	.res	7,$00
000095r 1  00 00 00     
000098r 1  A4 00 20 7F  	.dword	$7F2000A4
00009Cr 1  56 49 41 31  	.byte	$56,$49,$41,$31,$5F,$50,$41,$35,$00
0000A0r 1  5F 50 41 35  
0000A4r 1  00           
0000A5r 1  00 00 00 00  	.res	7,$00
0000A9r 1  00 00 00     
0000ACr 1  A5 00 20 7F  	.dword	$7F2000A5
0000B0r 1  56 49 41 31  	.byte	$56,$49,$41,$31,$5F,$50,$41,$36,$00
0000B4r 1  5F 50 41 36  
0000B8r 1  00           
0000B9r 1  00 00 00 00  	.res	7,$00
0000BDr 1  00 00 00     
0000C0r 1  A6 00 20 7F  	.dword	$7F2000A6
0000C4r 1  56 49 41 31  	.byte	$56,$49,$41,$31,$5F,$50,$41,$37,$00
0000C8r 1  5F 50 41 37  
0000CCr 1  00           
0000CDr 1  00 00 00 00  	.res	7,$00
0000D1r 1  00 00 00     
0000D4r 1  A7 00 20 7F  	.dword	$7F2000A7
0000D8r 1  56 49 41 31  	.byte	$56,$49,$41,$31,$5F,$50,$42,$30,$00
0000DCr 1  5F 50 42 30  
0000E0r 1  00           
0000E1r 1  00 00 00 00  	.res	7,$00
0000E5r 1  00 00 00     
0000E8r 1  B0 00 20 7F  	.dword	$7F2000B0
0000ECr 1  56 49 41 31  	.byte	$56,$49,$41,$31,$5F,$50,$42,$31,$00
0000F0r 1  5F 50 42 31  
0000F4r 1  00           
0000F5r 1  00 00 00 00  	.res	7,$00
0000F9r 1  00 00 00     
0000FCr 1  B1 00 20 7F  	.dword	$7F2000B1
000100r 1  56 49 41 31  	.byte	$56,$49,$41,$31,$5F,$50,$42,$32,$00
000104r 1  5F 50 42 32  
000108r 1  00           
000109r 1  00 00 00 00  	.res	7,$00
00010Dr 1  00 00 00     
000110r 1  B2 00 20 7F  	.dword	$7F2000B2
000114r 1  56 49 41 31  	.byte	$56,$49,$41,$31,$5F,$50,$42,$33,$00
000118r 1  5F 50 42 33  
00011Cr 1  00           
00011Dr 1  00 00 00 00  	.res	7,$00
000121r 1  00 00 00     
000124r 1  B3 00 20 7F  	.dword	$7F2000B3
000128r 1  56 49 41 31  	.byte	$56,$49,$41,$31,$5F,$50,$42,$34,$00
00012Cr 1  5F 50 42 34  
000130r 1  00           
000131r 1  00 00 00 00  	.res	7,$00
000135r 1  00 00 00     
000138r 1  B4 00 20 7F  	.dword	$7F2000B4
00013Cr 1  56 49 41 31  	.byte	$56,$49,$41,$31,$5F,$50,$42,$35,$00
000140r 1  5F 50 42 35  
000144r 1  00           
000145r 1  00 00 00 00  	.res	7,$00
000149r 1  00 00 00     
00014Cr 1  B5 00 20 7F  	.dword	$7F2000B5
000150r 1  56 49 41 31  	.byte	$56,$49,$41,$31,$5F,$50,$42,$36,$00
000154r 1  5F 50 42 36  
000158r 1  00           
000159r 1  00 00 00 00  	.res	7,$00
00015Dr 1  00 00 00     
000160r 1  B6 00 20 7F  	.dword	$7F2000B6
000164r 1  56 49 41 31  	.byte	$56,$49,$41,$31,$5F,$50,$42,$37,$00
000168r 1  5F 50 42 37  
00016Cr 1  00           
00016Dr 1  00 00 00 00  	.res	7,$00
000171r 1  00 00 00     
000174r 1  B7 00 20 7F  	.dword	$7F2000B7
000178r 1  56 49 41 32  	.byte	$56,$49,$41,$32,$5F,$50,$41,$30,$00
00017Cr 1  5F 50 41 30  
000180r 1  00           
000181r 1  00 00 00 00  	.res	7,$00
000185r 1  00 00 00     
000188r 1  A0 00 40 7F  	.dword	$7F4000A0
00018Cr 1  56 49 41 32  	.byte	$56,$49,$41,$32,$5F,$50,$41,$31,$00
000190r 1  5F 50 41 31  
000194r 1  00           
000195r 1  00 00 00 00  	.res	7,$00
000199r 1  00 00 00     
00019Cr 1  A1 00 40 7F  	.dword	$7F4000A1
0001A0r 1  56 49 41 32  	.byte	$56,$49,$41,$32,$5F,$50,$41,$32,$00
0001A4r 1  5F 50 41 32  
0001A8r 1  00           
0001A9r 1  00 00 00 00  	.res	7,$00
0001ADr 1  00 00 00     
0001B0r 1  A2 00 40 7F  	.dword	$7F4000A2
0001B4r 1  56 49 41 32  	.byte	$56,$49,$41,$32,$5F,$50,$41,$33,$00
0001B8r 1  5F 50 41 33  
0001BCr 1  00           
0001BDr 1  00 00 00 00  	.res	7,$00
0001C1r 1  00 00 00     
0001C4r 1  A3 00 40 7F  	.dword	$7F4000A3
0001C8r 1  56 49 41 32  	.byte	$56,$49,$41,$32,$5F,$50,$41,$34,$00
0001CCr 1  5F 50 41 34  
0001D0r 1  00           
0001D1r 1  00 00 00 00  	.res	7,$00
0001D5r 1  00 00 00     
0001D8r 1  A4 00 40 7F  	.dword	$7F4000A4
0001DCr 1  56 49 41 32  	.byte	$56,$49,$41,$32,$5F,$50,$41,$35,$00
0001E0r 1  5F 50 41 35  
0001E4r 1  00           
0001E5r 1  00 00 00 00  	.res	7,$00
0001E9r 1  00 00 00     
0001ECr 1  A5 00 40 7F  	.dword	$7F4000A5
0001F0r 1  56 49 41 32  	.byte	$56,$49,$41,$32,$5F,$50,$41,$36,$00
0001F4r 1  5F 50 41 36  
0001F8r 1  00           
0001F9r 1  00 00 00 00  	.res	7,$00
0001FDr 1  00 00 00     
000200r 1  A6 00 40 7F  	.dword	$7F4000A6
000204r 1  56 49 41 32  	.byte	$56,$49,$41,$32,$5F,$50,$41,$37,$00
000208r 1  5F 50 41 37  
00020Cr 1  00           
00020Dr 1  00 00 00 00  	.res	7,$00
000211r 1  00 00 00     
000214r 1  A7 00 40 7F  	.dword	$7F4000A7
000218r 1  56 49 41 32  	.byte	$56,$49,$41,$32,$5F,$50,$42,$30,$00
00021Cr 1  5F 50 42 30  
000220r 1  00           
000221r 1  00 00 00 00  	.res	7,$00
000225r 1  00 00 00     
000228r 1  B0 00 40 7F  	.dword	$7F4000B0
00022Cr 1  56 49 41 32  	.byte	$56,$49,$41,$32,$5F,$50,$42,$31,$00
000230r 1  5F 50 42 31  
000234r 1  00           
000235r 1  00 00 00 00  	.res	7,$00
000239r 1  00 00 00     
00023Cr 1  B1 00 40 7F  	.dword	$7F4000B1
000240r 1  56 49 41 32  	.byte	$56,$49,$41,$32,$5F,$50,$42,$32,$00
000244r 1  5F 50 42 32  
000248r 1  00           
000249r 1  00 00 00 00  	.res	7,$00
00024Dr 1  00 00 00     
000250r 1  B2 00 40 7F  	.dword	$7F4000B2
000254r 1  56 49 41 32  	.byte	$56,$49,$41,$32,$5F,$50,$42,$33,$00
000258r 1  5F 50 42 33  
00025Cr 1  00           
00025Dr 1  00 00 00 00  	.res	7,$00
000261r 1  00 00 00     
000264r 1  B3 00 40 7F  	.dword	$7F4000B3
000268r 1  56 49 41 32  	.byte	$56,$49,$41,$32,$5F,$50,$42,$34,$00
00026Cr 1  5F 50 42 34  
000270r 1  00           
000271r 1  00 00 00 00  	.res	7,$00
000275r 1  00 00 00     
000278r 1  B4 00 40 7F  	.dword	$7F4000B4
00027Cr 1  56 49 41 32  	.byte	$56,$49,$41,$32,$5F,$50,$42,$35,$00
000280r 1  5F 50 42 35  
000284r 1  00           
000285r 1  00 00 00 00  	.res	7,$00
000289r 1  00 00 00     
00028Cr 1  B5 00 40 7F  	.dword	$7F4000B5
000290r 1  56 49 41 32  	.byte	$56,$49,$41,$32,$5F,$50,$42,$36,$00
000294r 1  5F 50 42 36  
000298r 1  00           
000299r 1  00 00 00 00  	.res	7,$00
00029Dr 1  00 00 00     
0002A0r 1  B6 00 40 7F  	.dword	$7F4000B6
0002A4r 1  56 49 41 32  	.byte	$56,$49,$41,$32,$5F,$50,$42,$37,$00
0002A8r 1  5F 50 42 37  
0002ACr 1  00           
0002ADr 1  00 00 00 00  	.res	7,$00
0002B1r 1  00 00 00     
0002B4r 1  B7 00 40 7F  	.dword	$7F4000B7
0002B8r 1               
0002B8r 1               .segment	"RODATA"
000000r 1               
000000r 1               L0008:
000000r 1  72 20 20 20  	.byte	$72,$20,$20,$20,$20,$20,$5B,$61,$64,$64,$72,$5D,$20,$20,$20,$20
000004r 1  20 20 5B 61  
000008r 1  64 64 72 5D  
000010r 1  20 20 20 20  	.byte	$20,$20,$20,$20,$20,$20,$20,$20,$20,$20,$20,$20,$20,$20,$20,$20
000014r 1  20 20 20 20  
000018r 1  20 20 20 20  
000020r 1  20 20 20 20  	.byte	$20,$20,$20,$20,$20,$20,$72,$65,$61,$64,$20,$20,$20,$20,$61,$6E
000024r 1  20 20 72 65  
000028r 1  61 64 20 20  
000030r 1  79 20 61 64  	.byte	$79,$20,$61,$64,$64,$72,$00
000034r 1  64 72 00     
000037r 1               L0017:
000037r 1  64 75 6D 70  	.byte	$64,$75,$6D,$70,$77,$20,$5B,$61,$64,$64,$72,$5D,$20,$5B,$77,$6F
00003Br 1  77 20 5B 61  
00003Fr 1  64 64 72 5D  
000047r 1  72 64 5F 6E  	.byte	$72,$64,$5F,$6E,$75,$6D,$5D,$20,$20,$20,$20,$20,$20,$20,$20,$20
00004Br 1  75 6D 5D 20  
00004Fr 1  20 20 20 20  
000057r 1  20 20 20 20  	.byte	$20,$20,$20,$20,$20,$20,$64,$75,$6D,$70,$20,$20,$20,$20,$61,$6E
00005Br 1  20 20 64 75  
00005Fr 1  6D 70 20 20  
000067r 1  79 20 61 64  	.byte	$79,$20,$61,$64,$64,$72,$00
00006Br 1  64 72 00     
00006Er 1               L000D:
00006Er 1  77 20 20 20  	.byte	$77,$20,$20,$20,$20,$20,$5B,$61,$64,$64,$72,$5D,$20,$5B,$64,$61
000072r 1  20 20 5B 61  
000076r 1  64 64 72 5D  
00007Er 1  74 61 5D 20  	.byte	$74,$61,$5D,$20,$20,$20,$20,$20,$20,$20,$20,$20,$20,$20,$20,$20
000082r 1  20 20 20 20  
000086r 1  20 20 20 20  
00008Er 1  20 20 20 20  	.byte	$20,$20,$20,$20,$20,$20,$77,$72,$69,$74,$65,$20,$20,$20,$61,$6E
000092r 1  20 20 77 72  
000096r 1  69 74 65 20  
00009Er 1  79 20 61 64  	.byte	$79,$20,$61,$64,$64,$72,$00
0000A2r 1  64 72 00     
0000A5r 1               L0012:
0000A5r 1  78 20 20 20  	.byte	$78,$20,$20,$20,$20,$20,$5B,$61,$64,$64,$72,$5D,$20,$20,$20,$20
0000A9r 1  20 20 5B 61  
0000ADr 1  64 64 72 5D  
0000B5r 1  20 20 20 20  	.byte	$20,$20,$20,$20,$20,$20,$20,$20,$20,$20,$20,$20,$20,$20,$20,$20
0000B9r 1  20 20 20 20  
0000BDr 1  20 20 20 20  
0000C5r 1  20 20 20 20  	.byte	$20,$20,$20,$20,$20,$20,$65,$78,$65,$63,$75,$74,$65,$20,$61,$6E
0000C9r 1  20 20 65 78  
0000CDr 1  65 63 75 74  
0000D5r 1  79 20 61 64  	.byte	$79,$20,$61,$64,$64,$72,$00
0000D9r 1  64 72 00     
0000DCr 1               L001C:
0000DCr 1  64 75 6D 70  	.byte	$64,$75,$6D,$70,$62,$20,$5B,$61,$64,$64,$72,$5D,$20,$5B,$62,$79
0000E0r 1  62 20 5B 61  
0000E4r 1  64 64 72 5D  
0000ECr 1  74 65 5F 6E  	.byte	$74,$65,$5F,$6E,$75,$6D,$5D,$20,$20,$20,$20,$20,$20,$20,$20,$20
0000F0r 1  75 6D 5D 20  
0000F4r 1  20 20 20 20  
0000FCr 1  20 20 20 20  	.byte	$20,$20,$20,$20,$20,$20,$64,$75,$6D,$70,$20,$20,$20,$20,$61,$6E
000100r 1  20 20 64 75  
000104r 1  6D 70 20 20  
00010Cr 1  79 20 61 64  	.byte	$79,$20,$61,$64,$64,$72,$00
000110r 1  64 72 00     
000113r 1               L0026:
000113r 1  68 65 6C 70  	.byte	$68,$65,$6C,$70,$20,$20,$20,$20,$20,$20,$20,$20,$20,$20,$20,$20
000117r 1  20 20 20 20  
00011Br 1  20 20 20 20  
000123r 1  20 20 20 20  	.byte	$20,$20,$20,$20,$20,$20,$20,$20,$20,$20,$20,$20,$20,$20,$20,$20
000127r 1  20 20 20 20  
00012Br 1  20 20 20 20  
000133r 1  20 20 20 20  	.byte	$20,$20,$20,$20,$20,$20,$70,$72,$69,$6E,$74,$20,$63,$6D,$64,$20
000137r 1  20 20 70 72  
00013Br 1  69 6E 74 20  
000143r 1  69 6E 66 6F  	.byte	$69,$6E,$66,$6F,$00
000147r 1  00           
000148r 1               L0021:
000148r 1  67 70 69 6F  	.byte	$67,$70,$69,$6F,$20,$20,$69,$6E,$69,$74,$7C,$72,$65,$61,$64,$7C
00014Cr 1  20 20 69 6E  
000150r 1  69 74 7C 72  
000158r 1  77 72 69 74  	.byte	$77,$72,$69,$74,$65,$20,$5B,$56,$49,$41,$31,$5F,$50,$41,$30,$2E
00015Cr 1  65 20 5B 56  
000160r 1  49 41 31 5F  
000168r 1  2E 2E 5D 20  	.byte	$2E,$2E,$5D,$20,$20,$20,$63,$74,$72,$6C,$20,$61,$6E,$79,$20,$67
00016Cr 1  20 20 63 74  
000170r 1  72 6C 20 61  
000178r 1  70 69 6F 00  	.byte	$70,$69,$6F,$00
00017Cr 1               L0092:
00017Cr 1  65 78 65 63  	.byte	$65,$78,$65,$63,$20,$30,$78,$25,$78,$20,$28,$30,$78,$25,$78,$20
000180r 1  20 30 78 25  
000184r 1  78 20 28 30  
00018Cr 1  30 78 25 78  	.byte	$30,$78,$25,$78,$20,$30,$78,$25,$78,$20,$30,$78,$25,$78,$29,$20
000190r 1  20 30 78 25  
000194r 1  78 20 30 78  
00019Cr 1  72 65 74 75  	.byte	$72,$65,$74,$75,$72,$6E,$20,$30,$78,$25,$78,$0D,$0A,$00
0001A0r 1  72 6E 20 30  
0001A4r 1  78 25 78 0D  
0001AAr 1               L0233:
0001AAr 1  67 70 69 6F  	.byte	$67,$70,$69,$6F,$20,$69,$6E,$69,$74,$20,$5B,$67,$70,$69,$6F,$5F
0001AEr 1  20 69 6E 69  
0001B2r 1  74 20 5B 67  
0001BAr 1  6E 75 6D 5D  	.byte	$6E,$75,$6D,$5D,$20,$5B,$69,$6E,$7C,$6F,$75,$74,$5D,$0D,$0A,$00
0001BEr 1  20 5B 69 6E  
0001C2r 1  7C 6F 75 74  
0001CAr 1               L0222:
0001CAr 1  75 6E 6B 6E  	.byte	$75,$6E,$6B,$6E,$6F,$77,$6E,$20,$67,$70,$69,$6F,$20,$6E,$75,$6D
0001CEr 1  6F 77 6E 20  
0001D2r 1  67 70 69 6F  
0001DAr 1  20 5B 25 73  	.byte	$20,$5B,$25,$73,$5D,$0D,$0A,$00
0001DEr 1  5D 0D 0A 00  
0001E2r 1               L025E:
0001E2r 1  67 70 69 6F  	.byte	$67,$70,$69,$6F,$20,$72,$65,$61,$64,$20,$72,$65,$74,$75,$72,$6E
0001E6r 1  20 72 65 61  
0001EAr 1  64 20 72 65  
0001F2r 1  20 25 64 0D  	.byte	$20,$25,$64,$0D,$0A,$00
0001F6r 1  0A 00        
0001F8r 1               L02FA:
0001F8r 1  69 6C 6C 65  	.byte	$69,$6C,$6C,$65,$67,$61,$6C,$20,$63,$6D,$64,$20,$5B,$25,$73,$5D
0001FCr 1  67 61 6C 20  
000200r 1  63 6D 64 20  
000208r 1  20 0D 0A 00  	.byte	$20,$0D,$0A,$00
00020Cr 1               L024D:
00020Cr 1  75 6E 6B 6E  	.byte	$75,$6E,$6B,$6E,$6F,$77,$6E,$20,$6D,$6F,$64,$65,$20,$5B,$25,$73
000210r 1  6F 77 6E 20  
000214r 1  6D 6F 64 65  
00021Cr 1  5D 0D 0A 00  	.byte	$5D,$0D,$0A,$00
000220r 1               L0064:
000220r 1  5B 30 78 25  	.byte	$5B,$30,$78,$25,$78,$5D,$20,$3C,$2D,$20,$28,$30,$78,$25,$78,$29
000224r 1  78 5D 20 3C  
000228r 1  2D 20 28 30  
000230r 1  0D 0A 00     	.byte	$0D,$0A,$00
000233r 1               L00C3:
000233r 1  0D 0A 5B 30  	.byte	$0D,$0A,$5B,$30,$78,$25,$30,$34,$78,$5D,$3A,$20,$00
000237r 1  78 25 30 34  
00023Br 1  78 5D 3A 20  
000240r 1               L0117	:=	L00C3+0
000240r 1               L0305:
000240r 1  72 65 74 75  	.byte	$72,$65,$74,$75,$72,$6E,$20,$30,$78,$25,$78,$00
000244r 1  72 6E 20 30  
000248r 1  78 25 78 00  
00024Cr 1               L00AC	:=	L00C3+2
00024Cr 1               L00E8	:=	L00C3+2
00024Cr 1               L028C:
00024Cr 1  25 73 3A 09  	.byte	$25,$73,$3A,$09,$09,$25,$73,$0D,$0A,$00
000250r 1  09 25 73 0D  
000254r 1  0A 00        
000256r 1               L0030:
000256r 1  5B 30 78 25  	.byte	$5B,$30,$78,$25,$78,$5D,$3A,$20,$00
00025Ar 1  78 5D 3A 20  
00025Er 1  00           
00025Fr 1               L00B8:
00025Fr 1  30 78 25 30  	.byte	$30,$78,$25,$30,$34,$78,$20,$00
000263r 1  34 78 20 00  
000267r 1               L030A:
000267r 1  0D 0A 68 63  	.byte	$0D,$0A,$68,$63,$6F,$73,$23,$00
00026Br 1  6F 73 23 00  
00026Fr 1               L0039	:=	L0092+39
00026Fr 1               L0266:
00026Fr 1  77 72 69 74  	.byte	$77,$72,$69,$74,$65,$00
000273r 1  65 00        
000275r 1               L0019:
000275r 1  64 75 6D 70  	.byte	$64,$75,$6D,$70,$62,$00
000279r 1  62 00        
00027Br 1               L012E:
00027Br 1  25 30 32 78  	.byte	$25,$30,$32,$78,$20,$00
00027Fr 1  20 00        
000281r 1               L0014:
000281r 1  64 75 6D 70  	.byte	$64,$75,$6D,$70,$77,$00
000285r 1  77 00        
000287r 1               L0101	:=	L012E+0
000287r 1               L001E	:=	L0021+47
000287r 1               L0023:
000287r 1  68 65 6C 70  	.byte	$68,$65,$6C,$70,$00
00028Br 1  00           
00028Cr 1               L022B:
00028Cr 1  69 6E 69 74  	.byte	$69,$6E,$69,$74,$00
000290r 1  00           
000291r 1               L0257:
000291r 1  72 65 61 64  	.byte	$72,$65,$61,$64,$00
000295r 1  00           
000296r 1               L0245:
000296r 1  6F 75 74 00  	.byte	$6F,$75,$74,$00
00029Ar 1               L0137:
00029Ar 1  20 20 20 00  	.byte	$20,$20,$20,$00
00029Er 1               L014B	:=	L0092+43
00029Er 1               L0145:
00029Er 1  25 63 00     	.byte	$25,$63,$00
0002A1r 1               L023A:
0002A1r 1  69 6E 00     	.byte	$69,$6E,$00
0002A4r 1               L00C8	:=	L0092+43
0002A4r 1               L0111	:=	L0145+0
0002A4r 1               L02EF	:=	L0092+43
0002A4r 1               L027B	:=	L0092+43
0002A4r 1               L0106	:=	L0137+1
0002A4r 1               L013A	:=	L0137+1
0002A4r 1               L000F	:=	L0305+10
0002A4r 1               L000A	:=	L0014+4
0002A4r 1               L0270:
0002A4r 1  30 00        	.byte	$30,$00
0002A6r 1               L0005	:=	L0008+53
0002A6r 1               
0002A6r 1               .segment	"BSS"
000000r 1               
000000r 1               _argc:
000000r 1  00           	.res	1,$00
000001r 1               
000001r 1               ; ---------------------------------------------------------------
000001r 1               ; long __near__ cmd_read (void)
000001r 1               ; ---------------------------------------------------------------
000001r 1               
000001r 1               .segment	"CODE"
000000r 1               
000000r 1               .proc	_cmd_read: near
000000r 1               
000000r 1               .segment	"CODE"
000000r 1               
000000r 1  20 rr rr     	jsr     decsp3
000003r 1  AD rr rr     	lda     _argv+2
000006r 1  AE rr rr     	ldx     _argv+2+1
000009r 1  20 rr rr     	jsr     pushax
00000Cr 1  20 rr rr     	jsr     push0
00000Fr 1  20 rr rr     	jsr     _strtoul
000012r 1  A0 01        	ldy     #$01
000014r 1  20 rr rr     	jsr     staxysp
000017r 1  A9 rr        	lda     #<(L0030)
000019r 1  A2 rr        	ldx     #>(L0030)
00001Br 1  20 rr rr     	jsr     pushax
00001Er 1  A0 06        	ldy     #$06
000020r 1  20 rr rr     	jsr     pushwysp
000023r 1  A0 04        	ldy     #$04
000025r 1  20 rr rr     	jsr     _uart_printf
000028r 1  A0 02        	ldy     #$02
00002Ar 1  20 rr rr     	jsr     ldaxysp
00002Dr 1  85 rr        	sta     ptr1
00002Fr 1  86 rr        	stx     ptr1+1
000031r 1  A0 00        	ldy     #$00
000033r 1  B1 rr        	lda     (ptr1),y
000035r 1  91 rr        	sta     (sp),y
000037r 1  A9 rr        	lda     #<(L0039)
000039r 1  A2 rr        	ldx     #>(L0039)
00003Br 1  20 rr rr     	jsr     pushax
00003Er 1  A0 02        	ldy     #$02
000040r 1  B1 rr        	lda     (sp),y
000042r 1  20 rr rr     	jsr     pusha0
000045r 1  A0 04        	ldy     #$04
000047r 1  20 rr rr     	jsr     _uart_printf
00004Ar 1  A2 00        	ldx     #$00
00004Cr 1  86 rr        	stx     sreg
00004Er 1  86 rr        	stx     sreg+1
000050r 1  8A           	txa
000051r 1  4C rr rr     	jmp     incsp3
000054r 1               
000054r 1               .endproc
000054r 1               
000054r 1               ; ---------------------------------------------------------------
000054r 1               ; long __near__ cmd_write (void)
000054r 1               ; ---------------------------------------------------------------
000054r 1               
000054r 1               .segment	"CODE"
000054r 1               
000054r 1               .proc	_cmd_write: near
000054r 1               
000054r 1               .segment	"CODE"
000054r 1               
000054r 1  20 rr rr     	jsr     decsp7
000057r 1  A2 00        	ldx     #$00
000059r 1  AD rr rr     	lda     _argc
00005Cr 1  C9 03        	cmp     #$03
00005Er 1  B0 09        	bcs     L030D
000060r 1  CA           	dex
000061r 1  86 rr        	stx     sreg
000063r 1  86 rr        	stx     sreg+1
000065r 1  8A           	txa
000066r 1  4C rr rr     	jmp     incsp7
000069r 1  AD rr rr     L030D:	lda     _argc
00006Cr 1  20 rr rr     	jsr     decax2
00006Fr 1  A0 01        	ldy     #$01
000071r 1  20 rr rr     	jsr     staxysp
000074r 1  E0 00        	cpx     #$00
000076r 1  D0 02        	bne     L0045
000078r 1  C9 11        	cmp     #$11
00007Ar 1  B0 08        L0045:	bcs     L0046
00007Cr 1  A0 02        	ldy     #$02
00007Er 1  20 rr rr     	jsr     ldaxysp
000081r 1  4C rr rr     	jmp     L0048
000084r 1  A2 00        L0046:	ldx     #$00
000086r 1  A9 10        	lda     #$10
000088r 1  A0 01        L0048:	ldy     #$01
00008Ar 1  20 rr rr     	jsr     staxysp
00008Dr 1  AD rr rr     	lda     _argv+2
000090r 1  AE rr rr     	ldx     _argv+2+1
000093r 1  20 rr rr     	jsr     pushax
000096r 1  20 rr rr     	jsr     push0
000099r 1  20 rr rr     	jsr     _strtoul
00009Cr 1  A0 03        	ldy     #$03
00009Er 1  20 rr rr     	jsr     staxysp
0000A1r 1  A2 00        	ldx     #$00
0000A3r 1  8A           	txa
0000A4r 1  A0 05        L030F:	ldy     #$05
0000A6r 1  20 rr rr     	jsr     staxysp
0000A9r 1  A0 01        	ldy     #$01
0000ABr 1  D1 rr        	cmp     (sp),y
0000ADr 1  8A           	txa
0000AEr 1  C8           	iny
0000AFr 1  F1 rr        	sbc     (sp),y
0000B1r 1  B0 6B        	bcs     L0051
0000B3r 1  A0 06        	ldy     #$06
0000B5r 1  20 rr rr     	jsr     ldaxysp
0000B8r 1  20 rr rr     	jsr     incax2
0000BBr 1  20 rr rr     	jsr     aslax1
0000BEr 1  18           	clc
0000BFr 1  69 rr        	adc     #<(_argv)
0000C1r 1  A8           	tay
0000C2r 1  8A           	txa
0000C3r 1  69 rr        	adc     #>(_argv)
0000C5r 1  AA           	tax
0000C6r 1  98           	tya
0000C7r 1  20 rr rr     	jsr     pushw
0000CAr 1  20 rr rr     	jsr     push0
0000CDr 1  20 rr rr     	jsr     _strtoul
0000D0r 1  A0 00        	ldy     #$00
0000D2r 1  91 rr        	sta     (sp),y
0000D4r 1  A0 06        	ldy     #$06
0000D6r 1  20 rr rr     	jsr     ldaxysp
0000D9r 1  18           	clc
0000DAr 1  A0 03        	ldy     #$03
0000DCr 1  71 rr        	adc     (sp),y
0000DEr 1  85 rr        	sta     ptr1
0000E0r 1  8A           	txa
0000E1r 1  C8           	iny
0000E2r 1  71 rr        	adc     (sp),y
0000E4r 1  85 rr        	sta     ptr1+1
0000E6r 1  A0 00        	ldy     #$00
0000E8r 1  B1 rr        	lda     (sp),y
0000EAr 1  91 rr        	sta     (ptr1),y
0000ECr 1  A9 rr        	lda     #<(L0064)
0000EEr 1  A2 rr        	ldx     #>(L0064)
0000F0r 1  20 rr rr     	jsr     pushax
0000F3r 1  A0 08        	ldy     #$08
0000F5r 1  20 rr rr     	jsr     ldaxysp
0000F8r 1  18           	clc
0000F9r 1  A0 05        	ldy     #$05
0000FBr 1  71 rr        	adc     (sp),y
0000FDr 1  48           	pha
0000FEr 1  8A           	txa
0000FFr 1  C8           	iny
000100r 1  71 rr        	adc     (sp),y
000102r 1  AA           	tax
000103r 1  68           	pla
000104r 1  20 rr rr     	jsr     pushax
000107r 1  A0 04        	ldy     #$04
000109r 1  B1 rr        	lda     (sp),y
00010Br 1  20 rr rr     	jsr     pusha0
00010Er 1  A0 06        	ldy     #$06
000110r 1  20 rr rr     	jsr     _uart_printf
000113r 1  A0 06        	ldy     #$06
000115r 1  20 rr rr     	jsr     ldaxysp
000118r 1  20 rr rr     	jsr     incax1
00011Br 1  4C rr rr     	jmp     L030F
00011Er 1  A2 00        L0051:	ldx     #$00
000120r 1  86 rr        	stx     sreg
000122r 1  86 rr        	stx     sreg+1
000124r 1  8A           	txa
000125r 1  4C rr rr     	jmp     incsp7
000128r 1               
000128r 1               .endproc
000128r 1               
000128r 1               ; ---------------------------------------------------------------
000128r 1               ; long __near__ cmd_exec (void)
000128r 1               ; ---------------------------------------------------------------
000128r 1               
000128r 1               .segment	"CODE"
000128r 1               
000128r 1               .proc	_cmd_exec: near
000128r 1               
000128r 1               .segment	"CODE"
000128r 1               
000128r 1  A0 10        	ldy     #$10
00012Ar 1  20 rr rr     	jsr     subysp
00012Dr 1  AD rr rr     	lda     _argv+2
000130r 1  AE rr rr     	ldx     _argv+2+1
000133r 1  20 rr rr     	jsr     pushax
000136r 1  20 rr rr     	jsr     push0
000139r 1  20 rr rr     	jsr     _strtoul
00013Cr 1  A0 0A        	ldy     #$0A
00013Er 1  20 rr rr     	jsr     staxysp
000141r 1  AD rr rr     	lda     _argv+4
000144r 1  AE rr rr     	ldx     _argv+4+1
000147r 1  20 rr rr     	jsr     pushax
00014Ar 1  20 rr rr     	jsr     push0
00014Dr 1  20 rr rr     	jsr     _strtoul
000150r 1  A0 08        	ldy     #$08
000152r 1  20 rr rr     	jsr     staxysp
000155r 1  AD rr rr     	lda     _argv+6
000158r 1  AE rr rr     	ldx     _argv+6+1
00015Br 1  20 rr rr     	jsr     pushax
00015Er 1  20 rr rr     	jsr     push0
000161r 1  20 rr rr     	jsr     _strtoul
000164r 1  A0 06        	ldy     #$06
000166r 1  20 rr rr     	jsr     staxysp
000169r 1  AD rr rr     	lda     _argv+8
00016Cr 1  AE rr rr     	ldx     _argv+8+1
00016Fr 1  20 rr rr     	jsr     pushax
000172r 1  20 rr rr     	jsr     push0
000175r 1  20 rr rr     	jsr     _strtoul
000178r 1  A0 04        	ldy     #$04
00017Ar 1  20 rr rr     	jsr     staxysp
00017Dr 1  AD rr rr     	lda     _argv+10
000180r 1  AE rr rr     	ldx     _argv+10+1
000183r 1  20 rr rr     	jsr     pushax
000186r 1  20 rr rr     	jsr     push0
000189r 1  20 rr rr     	jsr     _strtoul
00018Cr 1  A0 02        	ldy     #$02
00018Er 1  20 rr rr     	jsr     staxysp
000191r 1  A0 0B        	ldy     #$0B
000193r 1  20 rr rr     	jsr     ldaxysp
000196r 1  20 rr rr     	jsr     stax0sp
000199r 1  20 rr rr     	jsr     pushax
00019Cr 1  A0 0D        	ldy     #$0D
00019Er 1  20 rr rr     	jsr     pushwysp
0001A1r 1  A0 0D        	ldy     #$0D
0001A3r 1  20 rr rr     	jsr     pushwysp
0001A6r 1  A0 0D        	ldy     #$0D
0001A8r 1  20 rr rr     	jsr     pushwysp
0001ABr 1  A0 0D        	ldy     #$0D
0001ADr 1  20 rr rr     	jsr     pushwysp
0001B0r 1  A0 09        	ldy     #$09
0001B2r 1  20 rr rr     	jsr     ldaxysp
0001B5r 1  20 rr rr     	jsr     callax
0001B8r 1  20 rr rr     	jsr     incsp2
0001BBr 1  A0 0C        	ldy     #$0C
0001BDr 1  20 rr rr     	jsr     steaxysp
0001C0r 1  A9 rr        	lda     #<(L0092)
0001C2r 1  A2 rr        	ldx     #>(L0092)
0001C4r 1  20 rr rr     	jsr     pushax
0001C7r 1  A0 0F        	ldy     #$0F
0001C9r 1  20 rr rr     	jsr     pushwysp
0001CCr 1  A0 0F        	ldy     #$0F
0001CEr 1  20 rr rr     	jsr     pushwysp
0001D1r 1  A0 0F        	ldy     #$0F
0001D3r 1  20 rr rr     	jsr     pushwysp
0001D6r 1  A0 0F        	ldy     #$0F
0001D8r 1  20 rr rr     	jsr     pushwysp
0001DBr 1  A0 0F        	ldy     #$0F
0001DDr 1  20 rr rr     	jsr     pushwysp
0001E0r 1  A0 1B        	ldy     #$1B
0001E2r 1  20 rr rr     	jsr     ldeaxysp
0001E5r 1  20 rr rr     	jsr     pusheax
0001E8r 1  A0 10        	ldy     #$10
0001EAr 1  20 rr rr     	jsr     _uart_printf
0001EDr 1  A0 0F        	ldy     #$0F
0001EFr 1  20 rr rr     	jsr     ldeaxysp
0001F2r 1  A0 10        	ldy     #$10
0001F4r 1  4C rr rr     	jmp     addysp
0001F7r 1               
0001F7r 1               .endproc
0001F7r 1               
0001F7r 1               ; ---------------------------------------------------------------
0001F7r 1               ; long __near__ cmd_dumpw (void)
0001F7r 1               ; ---------------------------------------------------------------
0001F7r 1               
0001F7r 1               .segment	"CODE"
0001F7r 1               
0001F7r 1               .proc	_cmd_dumpw: near
0001F7r 1               
0001F7r 1               .segment	"CODE"
0001F7r 1               
0001F7r 1  A0 0A        	ldy     #$0A
0001F9r 1  20 rr rr     	jsr     subysp
0001FCr 1  AD rr rr     	lda     _argv+2
0001FFr 1  AE rr rr     	ldx     _argv+2+1
000202r 1  20 rr rr     	jsr     pushax
000205r 1  20 rr rr     	jsr     push0
000208r 1  20 rr rr     	jsr     _strtoul
00020Br 1  A0 02        	ldy     #$02
00020Dr 1  20 rr rr     	jsr     staxysp
000210r 1  AD rr rr     	lda     _argv+4
000213r 1  AE rr rr     	ldx     _argv+4+1
000216r 1  20 rr rr     	jsr     pushax
000219r 1  20 rr rr     	jsr     push0
00021Cr 1  20 rr rr     	jsr     _strtoul
00021Fr 1  20 rr rr     	jsr     stax0sp
000222r 1  A0 03        	ldy     #$03
000224r 1  20 rr rr     	jsr     ldaxysp
000227r 1  A0 04        	ldy     #$04
000229r 1  20 rr rr     	jsr     staxysp
00022Cr 1  A9 rr        	lda     #<(L00AC)
00022Er 1  A2 rr        	ldx     #>(L00AC)
000230r 1  20 rr rr     	jsr     pushax
000233r 1  A0 09        	ldy     #$09
000235r 1  20 rr rr     	jsr     pushwysp
000238r 1  A0 04        	ldy     #$04
00023Ar 1  20 rr rr     	jsr     _uart_printf
00023Dr 1  A2 00        	ldx     #$00
00023Fr 1  86 rr        	stx     sreg
000241r 1  86 rr        	stx     sreg+1
000243r 1  8A           	txa
000244r 1  A0 06        	ldy     #$06
000246r 1  20 rr rr     	jsr     steaxysp
000249r 1  A0 09        L00B0:	ldy     #$09
00024Br 1  20 rr rr     	jsr     ldeaxysp
00024Er 1  20 rr rr     	jsr     pusheax
000251r 1  A0 05        	ldy     #$05
000253r 1  20 rr rr     	jsr     ldaxysp
000256r 1  20 rr rr     	jsr     axulong
000259r 1  20 rr rr     	jsr     tosulteax
00025Cr 1  F0 77        	beq     L00B1
00025Er 1  A9 rr        	lda     #<(L00B8)
000260r 1  A2 rr        	ldx     #>(L00B8)
000262r 1  20 rr rr     	jsr     pushax
000265r 1  A0 09        	ldy     #$09
000267r 1  20 rr rr     	jsr     pushwysp
00026Ar 1  A0 0D        	ldy     #$0D
00026Cr 1  20 rr rr     	jsr     ldeaxysp
00026Fr 1  20 rr rr     	jsr     saveeax
000272r 1  A0 01        	ldy     #$01
000274r 1  20 rr rr     	jsr     inceaxy
000277r 1  A0 0A        	ldy     #$0A
000279r 1  20 rr rr     	jsr     steaxysp
00027Cr 1  20 rr rr     	jsr     resteax
00027Fr 1  20 rr rr     	jsr     aslax1
000282r 1  20 rr rr     	jsr     tosaddax
000285r 1  20 rr rr     	jsr     pushw
000288r 1  A0 04        	ldy     #$04
00028Ar 1  20 rr rr     	jsr     _uart_printf
00028Dr 1  A0 09        	ldy     #$09
00028Fr 1  20 rr rr     	jsr     ldeaxysp
000292r 1  20 rr rr     	jsr     pusheax
000295r 1  A2 00        	ldx     #$00
000297r 1  86 rr        	stx     sreg
000299r 1  86 rr        	stx     sreg+1
00029Br 1  8A           	txa
00029Cr 1  20 rr rr     	jsr     tosneeax
00029Fr 1  F0 A8        	beq     L00B0
0002A1r 1  A0 09        	ldy     #$09
0002A3r 1  20 rr rr     	jsr     ldeaxysp
0002A6r 1  A2 00        	ldx     #$00
0002A8r 1  29 03        	and     #$03
0002AAr 1  20 rr rr     	jsr     push0ax
0002ADr 1  8A           	txa
0002AEr 1  20 rr rr     	jsr     toseqeax
0002B1r 1  F0 96        	beq     L00B0
0002B3r 1  A9 rr        	lda     #<(L00C3)
0002B5r 1  A2 rr        	ldx     #>(L00C3)
0002B7r 1  20 rr rr     	jsr     pushax
0002BAr 1  A0 09        	ldy     #$09
0002BCr 1  20 rr rr     	jsr     pushwysp
0002BFr 1  A0 0D        	ldy     #$0D
0002C1r 1  20 rr rr     	jsr     ldeaxysp
0002C4r 1  20 rr rr     	jsr     aslax1
0002C7r 1  20 rr rr     	jsr     tosaddax
0002CAr 1  20 rr rr     	jsr     pushax
0002CDr 1  A0 04        	ldy     #$04
0002CFr 1  20 rr rr     	jsr     _uart_printf
0002D2r 1  4C rr rr     	jmp     L00B0
0002D5r 1  A9 rr        L00B1:	lda     #<(L00C8)
0002D7r 1  A2 rr        	ldx     #>(L00C8)
0002D9r 1  20 rr rr     	jsr     pushax
0002DCr 1  A0 02        	ldy     #$02
0002DEr 1  20 rr rr     	jsr     _uart_printf
0002E1r 1  A2 00        	ldx     #$00
0002E3r 1  86 rr        	stx     sreg
0002E5r 1  86 rr        	stx     sreg+1
0002E7r 1  8A           	txa
0002E8r 1  A0 0A        	ldy     #$0A
0002EAr 1  4C rr rr     	jmp     addysp
0002EDr 1               
0002EDr 1               .endproc
0002EDr 1               
0002EDr 1               ; ---------------------------------------------------------------
0002EDr 1               ; long __near__ cmd_dumpb (void)
0002EDr 1               ; ---------------------------------------------------------------
0002EDr 1               
0002EDr 1               .segment	"CODE"
0002EDr 1               
0002EDr 1               .proc	_cmd_dumpb: near
0002EDr 1               
0002EDr 1               .segment	"CODE"
0002EDr 1               
0002EDr 1  A0 22        	ldy     #$22
0002EFr 1  20 rr rr     	jsr     subysp
0002F2r 1  AD rr rr     	lda     _argv+2
0002F5r 1  AE rr rr     	ldx     _argv+2+1
0002F8r 1  20 rr rr     	jsr     pushax
0002FBr 1  20 rr rr     	jsr     push0
0002FEr 1  20 rr rr     	jsr     _strtoul
000301r 1  A0 06        	ldy     #$06
000303r 1  20 rr rr     	jsr     staxysp
000306r 1  AD rr rr     	lda     _argv+4
000309r 1  AE rr rr     	ldx     _argv+4+1
00030Cr 1  20 rr rr     	jsr     pushax
00030Fr 1  20 rr rr     	jsr     push0
000312r 1  20 rr rr     	jsr     _strtoul
000315r 1  A0 04        	ldy     #$04
000317r 1  20 rr rr     	jsr     staxysp
00031Ar 1  A0 07        	ldy     #$07
00031Cr 1  20 rr rr     	jsr     ldaxysp
00031Fr 1  A0 18        	ldy     #$18
000321r 1  20 rr rr     	jsr     staxysp
000324r 1  A0 05        	ldy     #$05
000326r 1  20 rr rr     	jsr     ldaxysp
000329r 1  20 rr rr     	jsr     shrax4
00032Cr 1  A0 02        	ldy     #$02
00032Er 1  20 rr rr     	jsr     staxysp
000331r 1  A0 04        	ldy     #$04
000333r 1  B1 rr        	lda     (sp),y
000335r 1  A2 00        	ldx     #$00
000337r 1  29 0F        	and     #$0F
000339r 1  20 rr rr     	jsr     stax0sp
00033Cr 1  A9 rr        	lda     #<(L00E8)
00033Er 1  A2 rr        	ldx     #>(L00E8)
000340r 1  20 rr rr     	jsr     pushax
000343r 1  A0 1D        	ldy     #$1D
000345r 1  20 rr rr     	jsr     pushwysp
000348r 1  A0 04        	ldy     #$04
00034Ar 1  20 rr rr     	jsr     _uart_printf
00034Dr 1  A2 00        	ldx     #$00
00034Fr 1  86 rr        	stx     sreg
000351r 1  86 rr        	stx     sreg+1
000353r 1  8A           	txa
000354r 1  A0 1E        	ldy     #$1E
000356r 1  20 rr rr     	jsr     steaxysp
000359r 1  A0 21        L00EC:	ldy     #$21
00035Br 1  20 rr rr     	jsr     ldeaxysp
00035Er 1  20 rr rr     	jsr     pusheax
000361r 1  A0 07        	ldy     #$07
000363r 1  20 rr rr     	jsr     ldaxysp
000366r 1  20 rr rr     	jsr     axulong
000369r 1  20 rr rr     	jsr     tosulteax
00036Cr 1  D0 03 4C rr  	jeq     L00ED
000370r 1  rr           
000371r 1  A2 00        	ldx     #$00
000373r 1  86 rr        	stx     sreg
000375r 1  86 rr        	stx     sreg+1
000377r 1  8A           	txa
000378r 1  A0 1A        	ldy     #$1A
00037Ar 1  20 rr rr     	jsr     steaxysp
00037Dr 1  A0 1D        L00F4:	ldy     #$1D
00037Fr 1  20 rr rr     	jsr     ldeaxysp
000382r 1  C9 10        	cmp     #$10
000384r 1  8A           	txa
000385r 1  E9 00        	sbc     #$00
000387r 1  A5 rr        	lda     sreg
000389r 1  E9 00        	sbc     #$00
00038Br 1  A5 rr        	lda     sreg+1
00038Dr 1  E9 00        	sbc     #$00
00038Fr 1  B0 77        	bcs     L00F5
000391r 1  A9 08        	lda     #$08
000393r 1  20 rr rr     	jsr     leaa0sp
000396r 1  A0 1A        	ldy     #$1A
000398r 1  18           	clc
000399r 1  71 rr        	adc     (sp),y
00039Br 1  48           	pha
00039Cr 1  8A           	txa
00039Dr 1  C8           	iny
00039Er 1  71 rr        	adc     (sp),y
0003A0r 1  AA           	tax
0003A1r 1  68           	pla
0003A2r 1  20 rr rr     	jsr     pushax
0003A5r 1  A0 1D        	ldy     #$1D
0003A7r 1  20 rr rr     	jsr     pushwysp
0003AAr 1  A0 25        	ldy     #$25
0003ACr 1  20 rr rr     	jsr     ldeaxysp
0003AFr 1  20 rr rr     	jsr     shleax4
0003B2r 1  20 rr rr     	jsr     pusheax
0003B5r 1  A0 25        	ldy     #$25
0003B7r 1  20 rr rr     	jsr     ldeaxysp
0003BAr 1  20 rr rr     	jsr     tosaddeax
0003BDr 1  20 rr rr     	jsr     tosaddax
0003C0r 1  85 rr        	sta     ptr1
0003C2r 1  86 rr        	stx     ptr1+1
0003C4r 1  A0 00        	ldy     #$00
0003C6r 1  B1 rr        	lda     (ptr1),y
0003C8r 1  20 rr rr     	jsr     staspidx
0003CBr 1  A9 rr        	lda     #<(L0101)
0003CDr 1  A2 rr        	ldx     #>(L0101)
0003CFr 1  20 rr rr     	jsr     pushax
0003D2r 1  A9 0A        	lda     #$0A
0003D4r 1  20 rr rr     	jsr     leaa0sp
0003D7r 1  A0 1C        	ldy     #$1C
0003D9r 1  18           	clc
0003DAr 1  71 rr        	adc     (sp),y
0003DCr 1  85 rr        	sta     ptr1
0003DEr 1  8A           	txa
0003DFr 1  C8           	iny
0003E0r 1  71 rr        	adc     (sp),y
0003E2r 1  85 rr        	sta     ptr1+1
0003E4r 1  A2 00        	ldx     #$00
0003E6r 1  A1 rr        	lda     (ptr1,x)
0003E8r 1  20 rr rr     	jsr     pusha0
0003EBr 1  A0 04        	ldy     #$04
0003EDr 1  20 rr rr     	jsr     _uart_printf
0003F0r 1  A0 1D        	ldy     #$1D
0003F2r 1  20 rr rr     	jsr     ldeaxysp
0003F5r 1  20 rr rr     	jsr     saveeax
0003F8r 1  A0 01        	ldy     #$01
0003FAr 1  20 rr rr     	jsr     inceaxy
0003FDr 1  A0 1A        	ldy     #$1A
0003FFr 1  20 rr rr     	jsr     steaxysp
000402r 1  20 rr rr     	jsr     resteax
000405r 1  4C rr rr     	jmp     L00F4
000408r 1  A9 rr        L00F5:	lda     #<(L0106)
00040Ar 1  A2 rr        	ldx     #>(L0106)
00040Cr 1  20 rr rr     	jsr     pushax
00040Fr 1  A0 02        	ldy     #$02
000411r 1  20 rr rr     	jsr     _uart_printf
000414r 1  A2 00        	ldx     #$00
000416r 1  86 rr        	stx     sreg
000418r 1  86 rr        	stx     sreg+1
00041Ar 1  8A           	txa
00041Br 1  A0 1A        	ldy     #$1A
00041Dr 1  20 rr rr     	jsr     steaxysp
000420r 1  A0 1D        L0108:	ldy     #$1D
000422r 1  20 rr rr     	jsr     ldeaxysp
000425r 1  C9 10        	cmp     #$10
000427r 1  8A           	txa
000428r 1  E9 00        	sbc     #$00
00042Ar 1  A5 rr        	lda     sreg
00042Cr 1  E9 00        	sbc     #$00
00042Er 1  A5 rr        	lda     sreg+1
000430r 1  E9 00        	sbc     #$00
000432r 1  B0 43        	bcs     L0109
000434r 1  A9 rr        	lda     #<(L0111)
000436r 1  A2 rr        	ldx     #>(L0111)
000438r 1  20 rr rr     	jsr     pushax
00043Br 1  A9 0A        	lda     #$0A
00043Dr 1  20 rr rr     	jsr     leaa0sp
000440r 1  A0 1C        	ldy     #$1C
000442r 1  18           	clc
000443r 1  71 rr        	adc     (sp),y
000445r 1  85 rr        	sta     ptr1
000447r 1  8A           	txa
000448r 1  C8           	iny
000449r 1  71 rr        	adc     (sp),y
00044Br 1  85 rr        	sta     ptr1+1
00044Dr 1  A0 00        	ldy     #$00
00044Fr 1  B1 rr        	lda     (ptr1),y
000451r 1  20 rr rr     	jsr     pusha
000454r 1  20 rr rr     	jsr     _cook
000457r 1  20 rr rr     	jsr     pushax
00045Ar 1  A0 04        	ldy     #$04
00045Cr 1  20 rr rr     	jsr     _uart_printf
00045Fr 1  A0 1D        	ldy     #$1D
000461r 1  20 rr rr     	jsr     ldeaxysp
000464r 1  20 rr rr     	jsr     saveeax
000467r 1  A0 01        	ldy     #$01
000469r 1  20 rr rr     	jsr     inceaxy
00046Cr 1  A0 1A        	ldy     #$1A
00046Er 1  20 rr rr     	jsr     steaxysp
000471r 1  20 rr rr     	jsr     resteax
000474r 1  4C rr rr     	jmp     L0108
000477r 1  A9 rr        L0109:	lda     #<(L0117)
000479r 1  A2 rr        	ldx     #>(L0117)
00047Br 1  20 rr rr     	jsr     pushax
00047Er 1  A0 1D        	ldy     #$1D
000480r 1  20 rr rr     	jsr     pushwysp
000483r 1  A0 25        	ldy     #$25
000485r 1  20 rr rr     	jsr     ldeaxysp
000488r 1  A0 01        	ldy     #$01
00048Ar 1  20 rr rr     	jsr     inceaxy
00048Dr 1  20 rr rr     	jsr     shleax4
000490r 1  20 rr rr     	jsr     tosaddax
000493r 1  20 rr rr     	jsr     pushax
000496r 1  A0 04        	ldy     #$04
000498r 1  20 rr rr     	jsr     _uart_printf
00049Br 1  A0 21        	ldy     #$21
00049Dr 1  20 rr rr     	jsr     ldeaxysp
0004A0r 1  20 rr rr     	jsr     saveeax
0004A3r 1  A0 01        	ldy     #$01
0004A5r 1  20 rr rr     	jsr     inceaxy
0004A8r 1  A0 1E        	ldy     #$1E
0004AAr 1  20 rr rr     	jsr     steaxysp
0004ADr 1  20 rr rr     	jsr     resteax
0004B0r 1  4C rr rr     	jmp     L00EC
0004B3r 1  A0 00        L00ED:	ldy     #$00
0004B5r 1  B1 rr        	lda     (sp),y
0004B7r 1  C8           	iny
0004B8r 1  11 rr        	ora     (sp),y
0004BAr 1  D0 03 4C rr  	jeq     L013D
0004BEr 1  rr           
0004BFr 1  A2 00        	ldx     #$00
0004C1r 1  86 rr        	stx     sreg
0004C3r 1  86 rr        	stx     sreg+1
0004C5r 1  8A           	txa
0004C6r 1  A0 1A        	ldy     #$1A
0004C8r 1  20 rr rr     	jsr     steaxysp
0004CBr 1  A0 1D        L011F:	ldy     #$1D
0004CDr 1  20 rr rr     	jsr     ldeaxysp
0004D0r 1  C9 10        	cmp     #$10
0004D2r 1  8A           	txa
0004D3r 1  E9 00        	sbc     #$00
0004D5r 1  A5 rr        	lda     sreg
0004D7r 1  E9 00        	sbc     #$00
0004D9r 1  A5 rr        	lda     sreg+1
0004DBr 1  E9 00        	sbc     #$00
0004DDr 1  90 03 4C rr  	jcs     L0120
0004E1r 1  rr           
0004E2r 1  A0 1D        	ldy     #$1D
0004E4r 1  20 rr rr     	jsr     ldeaxysp
0004E7r 1  20 rr rr     	jsr     pusheax
0004EAr 1  A0 05        	ldy     #$05
0004ECr 1  20 rr rr     	jsr     ldaxysp
0004EFr 1  20 rr rr     	jsr     axulong
0004F2r 1  20 rr rr     	jsr     tosulteax
0004F5r 1  F0 5F        	beq     L0127
0004F7r 1  A9 08        	lda     #$08
0004F9r 1  20 rr rr     	jsr     leaa0sp
0004FCr 1  A0 1A        	ldy     #$1A
0004FEr 1  18           	clc
0004FFr 1  71 rr        	adc     (sp),y
000501r 1  48           	pha
000502r 1  8A           	txa
000503r 1  C8           	iny
000504r 1  71 rr        	adc     (sp),y
000506r 1  AA           	tax
000507r 1  68           	pla
000508r 1  20 rr rr     	jsr     pushax
00050Br 1  A0 1D        	ldy     #$1D
00050Dr 1  20 rr rr     	jsr     pushwysp
000510r 1  A0 25        	ldy     #$25
000512r 1  20 rr rr     	jsr     ldeaxysp
000515r 1  20 rr rr     	jsr     shleax4
000518r 1  20 rr rr     	jsr     pusheax
00051Br 1  A0 25        	ldy     #$25
00051Dr 1  20 rr rr     	jsr     ldeaxysp
000520r 1  20 rr rr     	jsr     tosaddeax
000523r 1  20 rr rr     	jsr     tosaddax
000526r 1  85 rr        	sta     ptr1
000528r 1  86 rr        	stx     ptr1+1
00052Ar 1  A0 00        	ldy     #$00
00052Cr 1  B1 rr        	lda     (ptr1),y
00052Er 1  20 rr rr     	jsr     staspidx
000531r 1  A9 rr        	lda     #<(L012E)
000533r 1  A2 rr        	ldx     #>(L012E)
000535r 1  20 rr rr     	jsr     pushax
000538r 1  A9 0A        	lda     #$0A
00053Ar 1  20 rr rr     	jsr     leaa0sp
00053Dr 1  A0 1C        	ldy     #$1C
00053Fr 1  18           	clc
000540r 1  71 rr        	adc     (sp),y
000542r 1  85 rr        	sta     ptr1
000544r 1  8A           	txa
000545r 1  C8           	iny
000546r 1  71 rr        	adc     (sp),y
000548r 1  85 rr        	sta     ptr1+1
00054Ar 1  A2 00        	ldx     #$00
00054Cr 1  A1 rr        	lda     (ptr1,x)
00054Er 1  20 rr rr     	jsr     pusha0
000551r 1  A0 04        	ldy     #$04
000553r 1  4C rr rr     	jmp     L0310
000556r 1  A9 08        L0127:	lda     #$08
000558r 1  20 rr rr     	jsr     leaa0sp
00055Br 1  A0 1A        	ldy     #$1A
00055Dr 1  18           	clc
00055Er 1  71 rr        	adc     (sp),y
000560r 1  85 rr        	sta     ptr1
000562r 1  8A           	txa
000563r 1  C8           	iny
000564r 1  71 rr        	adc     (sp),y
000566r 1  85 rr        	sta     ptr1+1
000568r 1  A9 20        	lda     #$20
00056Ar 1  A0 00        	ldy     #$00
00056Cr 1  91 rr        	sta     (ptr1),y
00056Er 1  A9 rr        	lda     #<(L0137)
000570r 1  A2 rr        	ldx     #>(L0137)
000572r 1  20 rr rr     	jsr     pushax
000575r 1  A0 02        	ldy     #$02
000577r 1  20 rr rr     L0310:	jsr     _uart_printf
00057Ar 1  A0 1D        	ldy     #$1D
00057Cr 1  20 rr rr     	jsr     ldeaxysp
00057Fr 1  20 rr rr     	jsr     saveeax
000582r 1  A0 01        	ldy     #$01
000584r 1  20 rr rr     	jsr     inceaxy
000587r 1  A0 1A        	ldy     #$1A
000589r 1  20 rr rr     	jsr     steaxysp
00058Cr 1  20 rr rr     	jsr     resteax
00058Fr 1  4C rr rr     	jmp     L011F
000592r 1  A9 rr        L0120:	lda     #<(L013A)
000594r 1  A2 rr        	ldx     #>(L013A)
000596r 1  20 rr rr     	jsr     pushax
000599r 1  A0 02        	ldy     #$02
00059Br 1  20 rr rr     	jsr     _uart_printf
00059Er 1  A2 00        	ldx     #$00
0005A0r 1  86 rr        	stx     sreg
0005A2r 1  86 rr        	stx     sreg+1
0005A4r 1  8A           	txa
0005A5r 1  A0 1A        	ldy     #$1A
0005A7r 1  20 rr rr     	jsr     steaxysp
0005AAr 1  A0 1D        L013C:	ldy     #$1D
0005ACr 1  20 rr rr     	jsr     ldeaxysp
0005AFr 1  C9 10        	cmp     #$10
0005B1r 1  8A           	txa
0005B2r 1  E9 00        	sbc     #$00
0005B4r 1  A5 rr        	lda     sreg
0005B6r 1  E9 00        	sbc     #$00
0005B8r 1  A5 rr        	lda     sreg+1
0005BAr 1  E9 00        	sbc     #$00
0005BCr 1  B0 43        	bcs     L013D
0005BEr 1  A9 rr        	lda     #<(L0145)
0005C0r 1  A2 rr        	ldx     #>(L0145)
0005C2r 1  20 rr rr     	jsr     pushax
0005C5r 1  A9 0A        	lda     #$0A
0005C7r 1  20 rr rr     	jsr     leaa0sp
0005CAr 1  A0 1C        	ldy     #$1C
0005CCr 1  18           	clc
0005CDr 1  71 rr        	adc     (sp),y
0005CFr 1  85 rr        	sta     ptr1
0005D1r 1  8A           	txa
0005D2r 1  C8           	iny
0005D3r 1  71 rr        	adc     (sp),y
0005D5r 1  85 rr        	sta     ptr1+1
0005D7r 1  A0 00        	ldy     #$00
0005D9r 1  B1 rr        	lda     (ptr1),y
0005DBr 1  20 rr rr     	jsr     pusha
0005DEr 1  20 rr rr     	jsr     _cook
0005E1r 1  20 rr rr     	jsr     pushax
0005E4r 1  A0 04        	ldy     #$04
0005E6r 1  20 rr rr     	jsr     _uart_printf
0005E9r 1  A0 1D        	ldy     #$1D
0005EBr 1  20 rr rr     	jsr     ldeaxysp
0005EEr 1  20 rr rr     	jsr     saveeax
0005F1r 1  A0 01        	ldy     #$01
0005F3r 1  20 rr rr     	jsr     inceaxy
0005F6r 1  A0 1A        	ldy     #$1A
0005F8r 1  20 rr rr     	jsr     steaxysp
0005FBr 1  20 rr rr     	jsr     resteax
0005FEr 1  4C rr rr     	jmp     L013C
000601r 1  A9 rr        L013D:	lda     #<(L014B)
000603r 1  A2 rr        	ldx     #>(L014B)
000605r 1  20 rr rr     	jsr     pushax
000608r 1  A0 02        	ldy     #$02
00060Ar 1  20 rr rr     	jsr     _uart_printf
00060Dr 1  A2 00        	ldx     #$00
00060Fr 1  86 rr        	stx     sreg
000611r 1  86 rr        	stx     sreg+1
000613r 1  8A           	txa
000614r 1  A0 22        	ldy     #$22
000616r 1  4C rr rr     	jmp     addysp
000619r 1               
000619r 1               .endproc
000619r 1               
000619r 1               ; ---------------------------------------------------------------
000619r 1               ; long __near__ cmd_gpio (void)
000619r 1               ; ---------------------------------------------------------------
000619r 1               
000619r 1               .segment	"CODE"
000619r 1               
000619r 1               .proc	_cmd_gpio: near
000619r 1               
000619r 1               .segment	"CODE"
000619r 1               
000619r 1  20 rr rr     	jsr     decsp3
00061Cr 1  AD rr rr     	lda     _argv+4
00061Fr 1  AE rr rr     	ldx     _argv+4+1
000622r 1  20 rr rr     	jsr     pushax
000625r 1  20 rr rr     	jsr     _gi_get
000628r 1  A0 01        	ldy     #$01
00062Ar 1  20 rr rr     	jsr     staxysp
00062Dr 1  E0 00        	cpx     #$00
00062Fr 1  D0 23        	bne     L021E
000631r 1  C9 00        	cmp     #$00
000633r 1  D0 1F        	bne     L021E
000635r 1  A9 rr        	lda     #<(L0222)
000637r 1  A2 rr        	ldx     #>(L0222)
000639r 1  20 rr rr     	jsr     pushax
00063Cr 1  AD rr rr     	lda     _argv+4
00063Fr 1  AE rr rr     	ldx     _argv+4+1
000642r 1  20 rr rr     	jsr     pushax
000645r 1  A0 04        	ldy     #$04
000647r 1  20 rr rr     	jsr     _uart_printf
00064Ar 1  A2 FF        	ldx     #$FF
00064Cr 1  86 rr        	stx     sreg
00064Er 1  86 rr        	stx     sreg+1
000650r 1  8A           	txa
000651r 1  4C rr rr     	jmp     incsp3
000654r 1  AD rr rr     L021E:	lda     _argv+2
000657r 1  AE rr rr     	ldx     _argv+2+1
00065Ar 1  20 rr rr     	jsr     pushax
00065Dr 1  A9 rr        	lda     #<(L022B)
00065Fr 1  A2 rr        	ldx     #>(L022B)
000661r 1  20 rr rr     	jsr     _strcmp
000664r 1  E0 00        	cpx     #$00
000666r 1  F0 03 4C rr  	jne     L0227
00066Ar 1  rr           
00066Br 1  C9 00        	cmp     #$00
00066Dr 1  F0 03 4C rr  	jne     L0227
000671r 1  rr           
000672r 1  AD rr rr     	lda     _argv+6
000675r 1  0D rr rr     	ora     _argv+6+1
000678r 1  D0 16        	bne     L022E
00067Ar 1  A9 rr        	lda     #<(L0233)
00067Cr 1  A2 rr        	ldx     #>(L0233)
00067Er 1  20 rr rr     	jsr     pushax
000681r 1  A0 02        	ldy     #$02
000683r 1  20 rr rr     	jsr     _uart_printf
000686r 1  A2 FF        	ldx     #$FF
000688r 1  86 rr        	stx     sreg
00068Ar 1  86 rr        	stx     sreg+1
00068Cr 1  8A           	txa
00068Dr 1  4C rr rr     	jmp     incsp3
000690r 1  AD rr rr     L022E:	lda     _argv+6
000693r 1  AE rr rr     	ldx     _argv+6+1
000696r 1  20 rr rr     	jsr     pushax
000699r 1  A9 rr        	lda     #<(L023A)
00069Br 1  A2 rr        	ldx     #>(L023A)
00069Dr 1  20 rr rr     	jsr     _strcmp
0006A0r 1  E0 00        	cpx     #$00
0006A2r 1  D0 1C        	bne     L0236
0006A4r 1  C9 00        	cmp     #$00
0006A6r 1  D0 18        	bne     L0236
0006A8r 1  A0 02        	ldy     #$02
0006AAr 1  20 rr rr     	jsr     ldaxysp
0006ADr 1  A0 13        	ldy     #$13
0006AFr 1  20 rr rr     	jsr     ldeaxidx
0006B2r 1  20 rr rr     	jsr     pusheax
0006B5r 1  A9 00        	lda     #$00
0006B7r 1  20 rr rr     	jsr     pusha
0006BAr 1  20 rr rr     	jsr     _gpio_init
0006BDr 1  4C rr rr     	jmp     L0276
0006C0r 1  AD rr rr     L0236:	lda     _argv+6
0006C3r 1  AE rr rr     	ldx     _argv+6+1
0006C6r 1  20 rr rr     	jsr     pushax
0006C9r 1  A9 rr        	lda     #<(L0245)
0006CBr 1  A2 rr        	ldx     #>(L0245)
0006CDr 1  20 rr rr     	jsr     _strcmp
0006D0r 1  E0 00        	cpx     #$00
0006D2r 1  D0 1C        	bne     L0241
0006D4r 1  C9 00        	cmp     #$00
0006D6r 1  D0 18        	bne     L0241
0006D8r 1  A0 02        	ldy     #$02
0006DAr 1  20 rr rr     	jsr     ldaxysp
0006DDr 1  A0 13        	ldy     #$13
0006DFr 1  20 rr rr     	jsr     ldeaxidx
0006E2r 1  20 rr rr     	jsr     pusheax
0006E5r 1  A9 01        	lda     #$01
0006E7r 1  20 rr rr     	jsr     pusha
0006EAr 1  20 rr rr     	jsr     _gpio_init
0006EDr 1  4C rr rr     	jmp     L0276
0006F0r 1  A9 rr        L0241:	lda     #<(L024D)
0006F2r 1  A2 rr        	ldx     #>(L024D)
0006F4r 1  20 rr rr     	jsr     pushax
0006F7r 1  AD rr rr     	lda     _argv+6
0006FAr 1  AE rr rr     	ldx     _argv+6+1
0006FDr 1  20 rr rr     	jsr     pushax
000700r 1  A0 04        	ldy     #$04
000702r 1  20 rr rr     	jsr     _uart_printf
000705r 1  A2 FF        	ldx     #$FF
000707r 1  86 rr        	stx     sreg
000709r 1  86 rr        	stx     sreg+1
00070Br 1  8A           	txa
00070Cr 1  4C rr rr     	jmp     incsp3
00070Fr 1  AD rr rr     L0227:	lda     _argv+2
000712r 1  AE rr rr     	ldx     _argv+2+1
000715r 1  20 rr rr     	jsr     pushax
000718r 1  A9 rr        	lda     #<(L0257)
00071Ar 1  A2 rr        	ldx     #>(L0257)
00071Cr 1  20 rr rr     	jsr     _strcmp
00071Fr 1  E0 00        	cpx     #$00
000721r 1  D0 2E        	bne     L0253
000723r 1  C9 00        	cmp     #$00
000725r 1  D0 2A        	bne     L0253
000727r 1  A0 02        	ldy     #$02
000729r 1  20 rr rr     	jsr     ldaxysp
00072Cr 1  A0 13        	ldy     #$13
00072Er 1  20 rr rr     	jsr     ldeaxidx
000731r 1  20 rr rr     	jsr     pusheax
000734r 1  20 rr rr     	jsr     _gpio_read
000737r 1  A0 00        	ldy     #$00
000739r 1  91 rr        	sta     (sp),y
00073Br 1  A9 rr        	lda     #<(L025E)
00073Dr 1  A2 rr        	ldx     #>(L025E)
00073Fr 1  20 rr rr     	jsr     pushax
000742r 1  A0 02        	ldy     #$02
000744r 1  B1 rr        	lda     (sp),y
000746r 1  20 rr rr     	jsr     pusha0
000749r 1  A0 04        	ldy     #$04
00074Br 1  20 rr rr     	jsr     _uart_printf
00074Er 1  4C rr rr     	jmp     L0276
000751r 1  AD rr rr     L0253:	lda     _argv+2
000754r 1  AE rr rr     	ldx     _argv+2+1
000757r 1  20 rr rr     	jsr     pushax
00075Ar 1  A9 rr        	lda     #<(L0266)
00075Cr 1  A2 rr        	ldx     #>(L0266)
00075Er 1  20 rr rr     	jsr     _strcmp
000761r 1  E0 00        	cpx     #$00
000763r 1  D0 58        	bne     L0276
000765r 1  C9 00        	cmp     #$00
000767r 1  D0 54        	bne     L0276
000769r 1  A0 02        	ldy     #$02
00076Br 1  20 rr rr     	jsr     ldaxysp
00076Er 1  A0 13        	ldy     #$13
000770r 1  20 rr rr     	jsr     ldeaxidx
000773r 1  20 rr rr     	jsr     pusheax
000776r 1  A9 01        	lda     #$01
000778r 1  20 rr rr     	jsr     pusha
00077Br 1  20 rr rr     	jsr     _gpio_init
00077Er 1  AD rr rr     	lda     _argv+6
000781r 1  AE rr rr     	ldx     _argv+6+1
000784r 1  20 rr rr     	jsr     pushax
000787r 1  A9 rr        	lda     #<(L0270)
000789r 1  A2 rr        	ldx     #>(L0270)
00078Br 1  20 rr rr     	jsr     _strcmp
00078Er 1  E0 00        	cpx     #$00
000790r 1  D0 16        	bne     L026C
000792r 1  C9 00        	cmp     #$00
000794r 1  D0 12        	bne     L026C
000796r 1  A0 02        	ldy     #$02
000798r 1  20 rr rr     	jsr     ldaxysp
00079Br 1  A0 13        	ldy     #$13
00079Dr 1  20 rr rr     	jsr     ldeaxidx
0007A0r 1  20 rr rr     	jsr     pusheax
0007A3r 1  A9 00        	lda     #$00
0007A5r 1  4C rr rr     	jmp     L0312
0007A8r 1  A0 02        L026C:	ldy     #$02
0007AAr 1  20 rr rr     	jsr     ldaxysp
0007ADr 1  A0 13        	ldy     #$13
0007AFr 1  20 rr rr     	jsr     ldeaxidx
0007B2r 1  20 rr rr     	jsr     pusheax
0007B5r 1  A9 01        	lda     #$01
0007B7r 1  20 rr rr     L0312:	jsr     pusha
0007BAr 1  20 rr rr     	jsr     _gpio_write
0007BDr 1  A9 rr        L0276:	lda     #<(L027B)
0007BFr 1  A2 rr        	ldx     #>(L027B)
0007C1r 1  20 rr rr     	jsr     pushax
0007C4r 1  A0 02        	ldy     #$02
0007C6r 1  20 rr rr     	jsr     _uart_printf
0007C9r 1  A2 00        	ldx     #$00
0007CBr 1  86 rr        	stx     sreg
0007CDr 1  86 rr        	stx     sreg+1
0007CFr 1  8A           	txa
0007D0r 1  4C rr rr     	jmp     incsp3
0007D3r 1               
0007D3r 1               .endproc
0007D3r 1               
0007D3r 1               ; ---------------------------------------------------------------
0007D3r 1               ; long __near__ cmd_help (void)
0007D3r 1               ; ---------------------------------------------------------------
0007D3r 1               
0007D3r 1               .segment	"CODE"
0007D3r 1               
0007D3r 1               .proc	_cmd_help: near
0007D3r 1               
0007D3r 1               .segment	"CODE"
0007D3r 1               
0007D3r 1  20 rr rr     	jsr     decsp4
0007D6r 1  A2 00        	ldx     #$00
0007D8r 1  86 rr        	stx     sreg
0007DAr 1  86 rr        	stx     sreg+1
0007DCr 1  8A           	txa
0007DDr 1  20 rr rr     	jsr     steax0sp
0007E0r 1  20 rr rr     L027F:	jsr     ldeax0sp
0007E3r 1  C9 07        	cmp     #$07
0007E5r 1  8A           	txa
0007E6r 1  E9 00        	sbc     #$00
0007E8r 1  A5 rr        	lda     sreg
0007EAr 1  E9 00        	sbc     #$00
0007ECr 1  A5 rr        	lda     sreg+1
0007EEr 1  E9 00        	sbc     #$00
0007F0r 1  B0 4A        	bcs     L0280
0007F2r 1  A9 rr        	lda     #<(L028C)
0007F4r 1  A2 rr        	ldx     #>(L028C)
0007F6r 1  20 rr rr     	jsr     pushax
0007F9r 1  A0 05        	ldy     #$05
0007FBr 1  20 rr rr     	jsr     ldeaxysp
0007FEr 1  20 rr rr     	jsr     mulax6
000801r 1  18           	clc
000802r 1  69 rr        	adc     #<(_ci)
000804r 1  A8           	tay
000805r 1  8A           	txa
000806r 1  69 rr        	adc     #>(_ci)
000808r 1  AA           	tax
000809r 1  98           	tya
00080Ar 1  20 rr rr     	jsr     pushw
00080Dr 1  A0 07        	ldy     #$07
00080Fr 1  20 rr rr     	jsr     ldeaxysp
000812r 1  20 rr rr     	jsr     mulax6
000815r 1  18           	clc
000816r 1  69 rr        	adc     #<(_ci)
000818r 1  A8           	tay
000819r 1  8A           	txa
00081Ar 1  69 rr        	adc     #>(_ci)
00081Cr 1  AA           	tax
00081Dr 1  98           	tya
00081Er 1  A0 05        	ldy     #$05
000820r 1  20 rr rr     	jsr     pushwidx
000823r 1  A0 06        	ldy     #$06
000825r 1  20 rr rr     	jsr     _uart_printf
000828r 1  20 rr rr     	jsr     ldeax0sp
00082Br 1  20 rr rr     	jsr     saveeax
00082Er 1  A0 01        	ldy     #$01
000830r 1  20 rr rr     	jsr     inceaxy
000833r 1  20 rr rr     	jsr     steax0sp
000836r 1  20 rr rr     	jsr     resteax
000839r 1  4C rr rr     	jmp     L027F
00083Cr 1  A0 00        L0280:	ldy     #$00
00083Er 1  20 rr rr     	jsr     _ps2_process
000841r 1  A2 00        	ldx     #$00
000843r 1  86 rr        	stx     sreg
000845r 1  86 rr        	stx     sreg+1
000847r 1  8A           	txa
000848r 1  4C rr rr     	jmp     incsp4
00084Br 1               
00084Br 1               .endproc
00084Br 1               
00084Br 1               ; ---------------------------------------------------------------
00084Br 1               ; unsigned char __near__ cook (unsigned char)
00084Br 1               ; ---------------------------------------------------------------
00084Br 1               
00084Br 1               .segment	"CODE"
00084Br 1               
00084Br 1               .proc	_cook: near
00084Br 1               
00084Br 1               .segment	"CODE"
00084Br 1               
00084Br 1  A0 00        	ldy     #$00
00084Dr 1  B1 rr        	lda     (sp),y
00084Fr 1  C9 20        	cmp     #$20
000851r 1  A2 00        	ldx     #$00
000853r 1  90 09        	bcc     L0316
000855r 1  B1 rr        	lda     (sp),y
000857r 1  C9 7F        	cmp     #$7F
000859r 1  B0 03        	bcs     L0316
00085Br 1  4C rr rr     	jmp     incsp1
00085Er 1  A9 2E        L0316:	lda     #$2E
000860r 1  4C rr rr     	jmp     incsp1
000863r 1               
000863r 1               .endproc
000863r 1               
000863r 1               ; ---------------------------------------------------------------
000863r 1               ; __near__ struct gpio_info * __near__ gi_get (__near__ unsigned char *)
000863r 1               ; ---------------------------------------------------------------
000863r 1               
000863r 1               .segment	"CODE"
000863r 1               
000863r 1               .proc	_gi_get: near
000863r 1               
000863r 1               .segment	"CODE"
000863r 1               
000863r 1  20 rr rr     	jsr     decsp2
000866r 1  A0 02        	ldy     #$02
000868r 1  B1 rr        	lda     (sp),y
00086Ar 1  C8           	iny
00086Br 1  11 rr        	ora     (sp),y
00086Dr 1  D0 04        	bne     L0200
00086Fr 1  AA           	tax
000870r 1  4C rr rr     	jmp     incsp4
000873r 1  A2 00        L0200:	ldx     #$00
000875r 1  8A           	txa
000876r 1  20 rr rr     L0319:	jsr     stax0sp
000879r 1  A0 01        	ldy     #$01
00087Br 1  B1 rr        	lda     (sp),y
00087Dr 1  C9 00        	cmp     #$00
00087Fr 1  D0 05        	bne     L020E
000881r 1  88           	dey
000882r 1  B1 rr        	lda     (sp),y
000884r 1  C9 20        	cmp     #$20
000886r 1  B0 41        L020E:	bcs     L0205
000888r 1  20 rr rr     	jsr     pushw0sp
00088Br 1  A9 14        	lda     #$14
00088Dr 1  20 rr rr     	jsr     tosmula0
000890r 1  18           	clc
000891r 1  69 rr        	adc     #<(_gi)
000893r 1  A8           	tay
000894r 1  8A           	txa
000895r 1  69 rr        	adc     #>(_gi)
000897r 1  AA           	tax
000898r 1  98           	tya
000899r 1  20 rr rr     	jsr     pushax
00089Cr 1  A0 05        	ldy     #$05
00089Er 1  20 rr rr     	jsr     ldaxysp
0008A1r 1  20 rr rr     	jsr     _strcmp
0008A4r 1  E0 00        	cpx     #$00
0008A6r 1  D0 18        	bne     L0206
0008A8r 1  C9 00        	cmp     #$00
0008AAr 1  D0 14        	bne     L0206
0008ACr 1  20 rr rr     	jsr     pushw0sp
0008AFr 1  A9 14        	lda     #$14
0008B1r 1  20 rr rr     	jsr     tosmula0
0008B4r 1  18           	clc
0008B5r 1  69 rr        	adc     #<(_gi)
0008B7r 1  A8           	tay
0008B8r 1  8A           	txa
0008B9r 1  69 rr        	adc     #>(_gi)
0008BBr 1  AA           	tax
0008BCr 1  98           	tya
0008BDr 1  4C rr rr     	jmp     incsp4
0008C0r 1  20 rr rr     L0206:	jsr     ldax0sp
0008C3r 1  20 rr rr     	jsr     incax1
0008C6r 1  4C rr rr     	jmp     L0319
0008C9r 1  A2 00        L0205:	ldx     #$00
0008CBr 1  8A           	txa
0008CCr 1  4C rr rr     	jmp     incsp4
0008CFr 1               
0008CFr 1               .endproc
0008CFr 1               
0008CFr 1               ; ---------------------------------------------------------------
0008CFr 1               ; long __near__ parse_cmd (__near__ unsigned char *)
0008CFr 1               ; ---------------------------------------------------------------
0008CFr 1               
0008CFr 1               .segment	"CODE"
0008CFr 1               
0008CFr 1               .proc	_parse_cmd: near
0008CFr 1               
0008CFr 1               .segment	"CODE"
0008CFr 1               
0008CFr 1  20 rr rr     	jsr     decsp8
0008D2r 1  A9 rr        	lda     #>(_argv)
0008D4r 1  85 rr        	sta     ptr1+1
0008D6r 1  A9 rr        	lda     #<(_argv)
0008D8r 1  85 rr        	sta     ptr1
0008DAr 1  A9 00        	lda     #$00
0008DCr 1  A0 0B        	ldy     #$0B
0008DEr 1  91 rr        L031A:	sta     (ptr1),y
0008E0r 1  88           	dey
0008E1r 1  10 FB        	bpl     L031A
0008E3r 1  A2 00        	ldx     #$00
0008E5r 1  86 rr        	stx     sreg
0008E7r 1  86 rr        	stx     sreg+1
0008E9r 1  8A           	txa
0008EAr 1  20 rr rr     	jsr     steax0sp
0008EDr 1  A0 04        	ldy     #$04
0008EFr 1  20 rr rr     	jsr     steaxysp
0008F2r 1  A0 0B        L029E:	ldy     #$0B
0008F4r 1  20 rr rr     	jsr     pushwysp
0008F7r 1  A0 09        	ldy     #$09
0008F9r 1  20 rr rr     	jsr     ldeaxysp
0008FCr 1  20 rr rr     	jsr     tosaddax
0008FFr 1  85 rr        	sta     ptr1
000901r 1  86 rr        	stx     ptr1+1
000903r 1  A0 00        	ldy     #$00
000905r 1  B1 rr        	lda     (ptr1),y
000907r 1  D0 18        	bne     L02A8
000909r 1  4C rr rr     	jmp     L031F
00090Cr 1  A0 07        L02A6:	ldy     #$07
00090Er 1  20 rr rr     	jsr     ldeaxysp
000911r 1  20 rr rr     	jsr     saveeax
000914r 1  A0 01        	ldy     #$01
000916r 1  20 rr rr     	jsr     inceaxy
000919r 1  A0 04        	ldy     #$04
00091Br 1  20 rr rr     	jsr     steaxysp
00091Er 1  20 rr rr     	jsr     resteax
000921r 1  A0 0B        L02A8:	ldy     #$0B
000923r 1  20 rr rr     	jsr     pushwysp
000926r 1  A0 09        	ldy     #$09
000928r 1  20 rr rr     	jsr     ldeaxysp
00092Br 1  20 rr rr     	jsr     tosaddax
00092Er 1  85 rr        	sta     ptr1
000930r 1  86 rr        	stx     ptr1+1
000932r 1  A0 00        	ldy     #$00
000934r 1  B1 rr        	lda     (ptr1),y
000936r 1  C9 20        	cmp     #$20
000938r 1  F0 D2        	beq     L02A6
00093Ar 1  20 rr rr     	jsr     ldeax0sp
00093Dr 1  20 rr rr     	jsr     saveeax
000940r 1  A0 01        	ldy     #$01
000942r 1  20 rr rr     	jsr     inceaxy
000945r 1  20 rr rr     	jsr     steax0sp
000948r 1  20 rr rr     	jsr     resteax
00094Br 1  20 rr rr     	jsr     aslax1
00094Er 1  18           	clc
00094Fr 1  69 rr        	adc     #<(_argv)
000951r 1  A8           	tay
000952r 1  8A           	txa
000953r 1  69 rr        	adc     #>(_argv)
000955r 1  AA           	tax
000956r 1  98           	tya
000957r 1  20 rr rr     	jsr     pushax
00095Ar 1  A0 0D        	ldy     #$0D
00095Cr 1  20 rr rr     	jsr     pushwysp
00095Fr 1  A0 0B        	ldy     #$0B
000961r 1  20 rr rr     	jsr     ldeaxysp
000964r 1  20 rr rr     	jsr     tosaddax
000967r 1  A0 00        	ldy     #$00
000969r 1  20 rr rr     	jsr     staxspidx
00096Cr 1  20 rr rr     	jsr     ldeax0sp
00096Fr 1  20 rr rr     	jsr     pusheax
000972r 1  A2 00        	ldx     #$00
000974r 1  86 rr        	stx     sreg
000976r 1  86 rr        	stx     sreg+1
000978r 1  A9 06        	lda     #$06
00097Ar 1  20 rr rr     	jsr     toseqeax
00097Dr 1  F0 18        	beq     L02B5
00097Fr 1  4C rr rr     	jmp     L029F
000982r 1  A0 07        L02B3:	ldy     #$07
000984r 1  20 rr rr     	jsr     ldeaxysp
000987r 1  20 rr rr     	jsr     saveeax
00098Ar 1  A0 01        	ldy     #$01
00098Cr 1  20 rr rr     	jsr     inceaxy
00098Fr 1  A0 04        	ldy     #$04
000991r 1  20 rr rr     	jsr     steaxysp
000994r 1  20 rr rr     	jsr     resteax
000997r 1  A0 0B        L02B5:	ldy     #$0B
000999r 1  20 rr rr     	jsr     pushwysp
00099Cr 1  A0 09        	ldy     #$09
00099Er 1  20 rr rr     	jsr     ldeaxysp
0009A1r 1  20 rr rr     	jsr     tosaddax
0009A4r 1  85 rr        	sta     ptr1
0009A6r 1  86 rr        	stx     ptr1+1
0009A8r 1  A0 00        	ldy     #$00
0009AAr 1  B1 rr        	lda     (ptr1),y
0009ACr 1  C9 20        	cmp     #$20
0009AEr 1  D0 03 4C rr  	jeq     L029E
0009B2r 1  rr           
0009B3r 1  A0 0B        	ldy     #$0B
0009B5r 1  20 rr rr     	jsr     pushwysp
0009B8r 1  A0 09        	ldy     #$09
0009BAr 1  20 rr rr     	jsr     ldeaxysp
0009BDr 1  20 rr rr     	jsr     tosaddax
0009C0r 1  85 rr        	sta     ptr1
0009C2r 1  86 rr        	stx     ptr1+1
0009C4r 1  A0 00        	ldy     #$00
0009C6r 1  B1 rr        	lda     (ptr1),y
0009C8r 1  D0 B8        	bne     L02B3
0009CAr 1  4C rr rr     	jmp     L029E
0009CDr 1  A0 00        L029F:	ldy     #$00
0009CFr 1  B1 rr        L031F:	lda     (sp),y
0009D1r 1  8D rr rr     	sta     _argc
0009D4r 1  A2 00        	ldx     #$00
0009D6r 1  86 rr        	stx     sreg
0009D8r 1  86 rr        	stx     sreg+1
0009DAr 1  8A           	txa
0009DBr 1  A0 04        	ldy     #$04
0009DDr 1  20 rr rr     	jsr     steaxysp
0009E0r 1  A0 0B        L02BE:	ldy     #$0B
0009E2r 1  20 rr rr     	jsr     pushwysp
0009E5r 1  A0 09        	ldy     #$09
0009E7r 1  20 rr rr     	jsr     ldeaxysp
0009EAr 1  20 rr rr     	jsr     tosaddax
0009EDr 1  85 rr        	sta     ptr1
0009EFr 1  86 rr        	stx     ptr1+1
0009F1r 1  A2 00        	ldx     #$00
0009F3r 1  A1 rr        	lda     (ptr1,x)
0009F5r 1  F0 47        	beq     L0320
0009F7r 1  A0 0B        	ldy     #$0B
0009F9r 1  20 rr rr     	jsr     pushwysp
0009FCr 1  A0 09        	ldy     #$09
0009FEr 1  20 rr rr     	jsr     ldeaxysp
000A01r 1  20 rr rr     	jsr     tosaddax
000A04r 1  85 rr        	sta     ptr1
000A06r 1  86 rr        	stx     ptr1+1
000A08r 1  A0 00        	ldy     #$00
000A0Ar 1  B1 rr        	lda     (ptr1),y
000A0Cr 1  C9 20        	cmp     #$20
000A0Er 1  D0 16        	bne     L02C0
000A10r 1  A0 0B        	ldy     #$0B
000A12r 1  20 rr rr     	jsr     pushwysp
000A15r 1  A0 09        	ldy     #$09
000A17r 1  20 rr rr     	jsr     ldeaxysp
000A1Ar 1  20 rr rr     	jsr     tosaddax
000A1Dr 1  85 rr        	sta     sreg
000A1Fr 1  86 rr        	stx     sreg+1
000A21r 1  A9 00        	lda     #$00
000A23r 1  A8           	tay
000A24r 1  91 rr        	sta     (sreg),y
000A26r 1  A0 07        L02C0:	ldy     #$07
000A28r 1  20 rr rr     	jsr     ldeaxysp
000A2Br 1  20 rr rr     	jsr     saveeax
000A2Er 1  A0 01        	ldy     #$01
000A30r 1  20 rr rr     	jsr     inceaxy
000A33r 1  A0 04        	ldy     #$04
000A35r 1  20 rr rr     	jsr     steaxysp
000A38r 1  20 rr rr     	jsr     resteax
000A3Br 1  4C rr rr     	jmp     L02BE
000A3Er 1  85 rr        L0320:	sta     sreg
000A40r 1  85 rr        	sta     sreg+1
000A42r 1  A0 0A        	ldy     #$0A
000A44r 1  4C rr rr     	jmp     addysp
000A47r 1               
000A47r 1               .endproc
000A47r 1               
000A47r 1               ; ---------------------------------------------------------------
000A47r 1               ; long __near__ get_cmd_index (__near__ unsigned char *)
000A47r 1               ; ---------------------------------------------------------------
000A47r 1               
000A47r 1               .segment	"CODE"
000A47r 1               
000A47r 1               .proc	_get_cmd_index: near
000A47r 1               
000A47r 1               .segment	"CODE"
000A47r 1               
000A47r 1  20 rr rr     	jsr     decsp4
000A4Ar 1  A2 00        	ldx     #$00
000A4Cr 1  86 rr        	stx     sreg
000A4Er 1  86 rr        	stx     sreg+1
000A50r 1  8A           	txa
000A51r 1  20 rr rr     	jsr     steax0sp
000A54r 1  20 rr rr     L02CF:	jsr     ldeax0sp
000A57r 1  C9 07        	cmp     #$07
000A59r 1  8A           	txa
000A5Ar 1  E9 00        	sbc     #$00
000A5Cr 1  A5 rr        	lda     sreg
000A5Er 1  E9 00        	sbc     #$00
000A60r 1  A5 rr        	lda     sreg+1
000A62r 1  E9 00        	sbc     #$00
000A64r 1  B0 3C        	bcs     L02D0
000A66r 1  20 rr rr     	jsr     ldeax0sp
000A69r 1  20 rr rr     	jsr     mulax6
000A6Cr 1  18           	clc
000A6Dr 1  69 rr        	adc     #<(_ci)
000A6Fr 1  A8           	tay
000A70r 1  8A           	txa
000A71r 1  69 rr        	adc     #>(_ci)
000A73r 1  AA           	tax
000A74r 1  98           	tya
000A75r 1  20 rr rr     	jsr     pushw
000A78r 1  A0 07        	ldy     #$07
000A7Ar 1  20 rr rr     	jsr     ldaxysp
000A7Dr 1  20 rr rr     	jsr     _strcmp
000A80r 1  E0 00        	cpx     #$00
000A82r 1  D0 0A        	bne     L02D1
000A84r 1  C9 00        	cmp     #$00
000A86r 1  D0 06        	bne     L02D1
000A88r 1  20 rr rr     	jsr     ldeax0sp
000A8Br 1  4C rr rr     	jmp     incsp6
000A8Er 1  20 rr rr     L02D1:	jsr     ldeax0sp
000A91r 1  20 rr rr     	jsr     saveeax
000A94r 1  A0 01        	ldy     #$01
000A96r 1  20 rr rr     	jsr     inceaxy
000A99r 1  20 rr rr     	jsr     steax0sp
000A9Cr 1  20 rr rr     	jsr     resteax
000A9Fr 1  4C rr rr     	jmp     L02CF
000AA2r 1  A2 FF        L02D0:	ldx     #$FF
000AA4r 1  86 rr        	stx     sreg
000AA6r 1  86 rr        	stx     sreg+1
000AA8r 1  8A           	txa
000AA9r 1  4C rr rr     	jmp     incsp6
000AACr 1               
000AACr 1               .endproc
000AACr 1               
000AACr 1               ; ---------------------------------------------------------------
000AACr 1               ; long __near__ shell (__near__ unsigned char *)
000AACr 1               ; ---------------------------------------------------------------
000AACr 1               
000AACr 1               .segment	"CODE"
000AACr 1               
000AACr 1               .proc	_shell: near
000AACr 1               
000AACr 1               .segment	"RODATA"
0002A6r 1               
0002A6r 1               L02ED:
0002A6r 1  00 00        	.word	$0000
0002A8r 1               L0300:
0002A8r 1  00 00        	.word	$0000
0002AAr 1               
0002AAr 1               .segment	"CODE"
000AACr 1               
000AACr 1  20 rr rr     	jsr     decsp8
000AAFr 1  20 rr rr     	jsr     pushl0
000AB2r 1  A0 0D        	ldy     #$0D
000AB4r 1  20 rr rr     	jsr     ldaxysp
000AB7r 1  20 rr rr     	jsr     _strlen
000ABAr 1  20 rr rr     	jsr     axulong
000ABDr 1  A0 04        	ldy     #$04
000ABFr 1  20 rr rr     	jsr     steaxysp
000AC2r 1  A0 07        	ldy     #$07
000AC4r 1  20 rr rr     	jsr     ldeaxysp
000AC7r 1  20 rr rr     	jsr     pusheax
000ACAr 1  A2 00        	ldx     #$00
000ACCr 1  86 rr        	stx     sreg
000ACEr 1  86 rr        	stx     sreg+1
000AD0r 1  8A           	txa
000AD1r 1  20 rr rr     	jsr     toseqeax
000AD4r 1  F0 09        	beq     L02E8
000AD6r 1  A2 00        	ldx     #$00
000AD8r 1  8A           	txa
000AD9r 1  20 rr rr     	jsr     steax0sp
000ADCr 1  4C rr rr     	jmp     L02EC
000ADFr 1  A9 rr        L02E8:	lda     #<(L02EF)
000AE1r 1  A2 rr        	ldx     #>(L02EF)
000AE3r 1  20 rr rr     	jsr     pushax
000AE6r 1  A0 02        	ldy     #$02
000AE8r 1  20 rr rr     	jsr     _uart_printf
000AEBr 1  A0 0F        	ldy     #$0F
000AEDr 1  20 rr rr     	jsr     pushwysp
000AF0r 1  20 rr rr     	jsr     _parse_cmd
000AF3r 1  AD rr rr     	lda     _argv
000AF6r 1  AE rr rr     	ldx     _argv+1
000AF9r 1  20 rr rr     	jsr     pushax
000AFCr 1  20 rr rr     	jsr     _get_cmd_index
000AFFr 1  A0 08        	ldy     #$08
000B01r 1  20 rr rr     	jsr     steaxysp
000B04r 1  20 rr rr     	jsr     pusheax
000B07r 1  A2 FF        	ldx     #$FF
000B09r 1  86 rr        	stx     sreg
000B0Br 1  86 rr        	stx     sreg+1
000B0Dr 1  8A           	txa
000B0Er 1  20 rr rr     	jsr     toseqeax
000B11r 1  F0 22        	beq     L02F3
000B13r 1  A9 rr        	lda     #<(L02FA)
000B15r 1  A2 rr        	ldx     #>(L02FA)
000B17r 1  20 rr rr     	jsr     pushax
000B1Ar 1  AD rr rr     	lda     _argv
000B1Dr 1  AE rr rr     	ldx     _argv+1
000B20r 1  20 rr rr     	jsr     pushax
000B23r 1  A0 04        	ldy     #$04
000B25r 1  20 rr rr     	jsr     _uart_printf
000B28r 1  A2 FF        	ldx     #$FF
000B2Ar 1  86 rr        	stx     sreg
000B2Cr 1  86 rr        	stx     sreg+1
000B2Er 1  8A           	txa
000B2Fr 1  20 rr rr     	jsr     steax0sp
000B32r 1  4C rr rr     	jmp     L02EC
000B35r 1  A0 0B        L02F3:	ldy     #$0B
000B37r 1  20 rr rr     	jsr     ldeaxysp
000B3Ar 1  20 rr rr     	jsr     mulax6
000B3Dr 1  18           	clc
000B3Er 1  69 rr        	adc     #<(_ci)
000B40r 1  A8           	tay
000B41r 1  8A           	txa
000B42r 1  69 rr        	adc     #>(_ci)
000B44r 1  AA           	tax
000B45r 1  98           	tya
000B46r 1  A0 03        	ldy     #$03
000B48r 1  20 rr rr     	jsr     ldaxidx
000B4Br 1  20 rr rr     	jsr     callax
000B4Er 1  20 rr rr     	jsr     steax0sp
000B51r 1  A9 rr        	lda     #<(L0305)
000B53r 1  A2 rr        	ldx     #>(L0305)
000B55r 1  20 rr rr     	jsr     pushax
000B58r 1  A0 05        	ldy     #$05
000B5Ar 1  20 rr rr     	jsr     ldeaxysp
000B5Dr 1  20 rr rr     	jsr     pusheax
000B60r 1  A0 06        	ldy     #$06
000B62r 1  20 rr rr     	jsr     _uart_printf
000B65r 1  A9 rr        L02EC:	lda     #<(L030A)
000B67r 1  A2 rr        	ldx     #>(L030A)
000B69r 1  20 rr rr     	jsr     pushax
000B6Cr 1  A0 02        	ldy     #$02
000B6Er 1  20 rr rr     	jsr     _uart_printf
000B71r 1  20 rr rr     	jsr     ldeax0sp
000B74r 1  A0 0E        	ldy     #$0E
000B76r 1  4C rr rr     	jmp     addysp
000B79r 1               
000B79r 1               .endproc
000B79r 1               
000B79r 1               
