[0822/133439:ERROR:backend_impl.cc(2020)] Corrupt Index file
[0822/133439:ERROR:cache_util_win.cc(20)] Unable to move the cache: 5
[0822/133439:ERROR:cache_util.cc(134)] Unable to move cache folder C:\ProgramData\Altium\Altium Designer {67983506-8AA5-4E98-BD5E-B69ABC7CD564}\BrowserCache to C:\ProgramData\Altium\Altium Designer {67983506-8AA5-4E98-BD5E-B69ABC7CD564}\old_BrowserCache_000
[0822/133439:ERROR:cache_creator.cc(129)] Unable to create cache
[0822/155829:ERROR:backend_impl.cc(2020)] Corrupt Index file
[0822/155829:ERROR:cache_util_win.cc(20)] Unable to move the cache: 5
[0822/155829:ERROR:cache_util.cc(134)] Unable to move cache folder C:\ProgramData\Altium\Altium Designer {67983506-8AA5-4E98-BD5E-B69ABC7CD564}\BrowserCache to C:\ProgramData\Altium\Altium Designer {67983506-8AA5-4E98-BD5E-B69ABC7CD564}\old_BrowserCache_000
[0822/155829:ERROR:cache_creator.cc(129)] Unable to create cache
[0823/094027:ERROR:backend_impl.cc(2020)] Corrupt Index file
[0823/094027:ERROR:cache_util_win.cc(20)] Unable to move the cache: 5
[0823/094027:ERROR:cache_util.cc(134)] Unable to move cache folder C:\ProgramData\Altium\Altium Designer {67983506-8AA5-4E98-BD5E-B69ABC7CD564}\BrowserCache to C:\ProgramData\Altium\Altium Designer {67983506-8AA5-4E98-BD5E-B69ABC7CD564}\old_BrowserCache_000
[0823/094027:ERROR:cache_creator.cc(129)] Unable to create cache
[0823/122848:ERROR:backend_impl.cc(2020)] Corrupt Index file
[0823/122848:ERROR:cache_util_win.cc(20)] Unable to move the cache: 5
[0823/122848:ERROR:cache_util.cc(134)] Unable to move cache folder C:\ProgramData\Altium\Altium Designer {67983506-8AA5-4E98-BD5E-B69ABC7CD564}\BrowserCache to C:\ProgramData\Altium\Altium Designer {67983506-8AA5-4E98-BD5E-B69ABC7CD564}\old_BrowserCache_000
[0823/122848:ERROR:cache_creator.cc(129)] Unable to create cache
[0824/135546:ERROR:backend_impl.cc(2020)] Corrupt Index file
[0824/135546:ERROR:cache_util_win.cc(20)] Unable to move the cache: 5
[0824/135546:ERROR:cache_util.cc(134)] Unable to move cache folder C:\ProgramData\Altium\Altium Designer {67983506-8AA5-4E98-BD5E-B69ABC7CD564}\BrowserCache to C:\ProgramData\Altium\Altium Designer {67983506-8AA5-4E98-BD5E-B69ABC7CD564}\old_BrowserCache_000
[0824/135546:ERROR:cache_creator.cc(129)] Unable to create cache
[0904/142405:ERROR:backend_impl.cc(2020)] Corrupt Index file
[0904/142405:ERROR:cache_util_win.cc(20)] Unable to move the cache: 5
[0904/142405:ERROR:cache_util.cc(134)] Unable to move cache folder C:\ProgramData\Altium\Altium Designer {67983506-8AA5-4E98-BD5E-B69ABC7CD564}\BrowserCache to C:\ProgramData\Altium\Altium Designer {67983506-8AA5-4E98-BD5E-B69ABC7CD564}\old_BrowserCache_000
[0904/142405:ERROR:cache_creator.cc(129)] Unable to create cache
[0910/090251:ERROR:backend_impl.cc(2020)] Corrupt Index file
[0910/090251:ERROR:cache_util_win.cc(20)] Unable to move the cache: 5
[0910/090251:ERROR:cache_util.cc(134)] Unable to move cache folder C:\ProgramData\Altium\Altium Designer {67983506-8AA5-4E98-BD5E-B69ABC7CD564}\BrowserCache to C:\ProgramData\Altium\Altium Designer {67983506-8AA5-4E98-BD5E-B69ABC7CD564}\old_BrowserCache_000
[0910/090251:ERROR:cache_creator.cc(129)] Unable to create cache
[0917/194610:ERROR:backend_impl.cc(2020)] Corrupt Index file
[0917/194610:ERROR:cache_util_win.cc(20)] Unable to move the cache: 5
[0917/194610:ERROR:cache_util.cc(134)] Unable to move cache folder C:\ProgramData\Altium\Altium Designer {67983506-8AA5-4E98-BD5E-B69ABC7CD564}\BrowserCache to C:\ProgramData\Altium\Altium Designer {67983506-8AA5-4E98-BD5E-B69ABC7CD564}\old_BrowserCache_000
[0917/194610:ERROR:cache_creator.cc(129)] Unable to create cache
[0925/115925:ERROR:backend_impl.cc(2020)] Corrupt Index file
[0925/115925:ERROR:cache_util_win.cc(20)] Unable to move the cache: 5
[0925/115925:ERROR:cache_util.cc(134)] Unable to move cache folder C:\ProgramData\Altium\Altium Designer {67983506-8AA5-4E98-BD5E-B69ABC7CD564}\BrowserCache to C:\ProgramData\Altium\Altium Designer {67983506-8AA5-4E98-BD5E-B69ABC7CD564}\old_BrowserCache_000
[0925/115925:ERROR:cache_creator.cc(129)] Unable to create cache
[0925/133217:ERROR:backend_impl.cc(2020)] Corrupt Index file
[0925/133217:ERROR:cache_util_win.cc(20)] Unable to move the cache: 5
[0925/133217:ERROR:cache_util.cc(134)] Unable to move cache folder C:\ProgramData\Altium\Altium Designer {67983506-8AA5-4E98-BD5E-B69ABC7CD564}\BrowserCache to C:\ProgramData\Altium\Altium Designer {67983506-8AA5-4E98-BD5E-B69ABC7CD564}\old_BrowserCache_000
[0925/133217:ERROR:cache_creator.cc(129)] Unable to create cache
[0925/144426:ERROR:backend_impl.cc(2020)] Corrupt Index file
[0925/144426:ERROR:cache_util_win.cc(20)] Unable to move the cache: 5
[0925/144426:ERROR:cache_util.cc(134)] Unable to move cache folder C:\ProgramData\Altium\Altium Designer {67983506-8AA5-4E98-BD5E-B69ABC7CD564}\BrowserCache to C:\ProgramData\Altium\Altium Designer {67983506-8AA5-4E98-BD5E-B69ABC7CD564}\old_BrowserCache_000
[0925/144426:ERROR:cache_creator.cc(129)] Unable to create cache
[1005/152329:ERROR:backend_impl.cc(2020)] Corrupt Index file
[1005/152329:ERROR:cache_util_win.cc(20)] Unable to move the cache: 5
[1005/152329:ERROR:cache_util.cc(134)] Unable to move cache folder C:\ProgramData\Altium\Altium Designer {67983506-8AA5-4E98-BD5E-B69ABC7CD564}\BrowserCache to C:\ProgramData\Altium\Altium Designer {67983506-8AA5-4E98-BD5E-B69ABC7CD564}\old_BrowserCache_000
[1005/152329:ERROR:cache_creator.cc(129)] Unable to create cache
[1006/130559:ERROR:backend_impl.cc(2020)] Corrupt Index file
[1006/130559:ERROR:cache_util_win.cc(20)] Unable to move the cache: 5
[1006/130559:ERROR:cache_util.cc(134)] Unable to move cache folder C:\ProgramData\Altium\Altium Designer {67983506-8AA5-4E98-BD5E-B69ABC7CD564}\BrowserCache to C:\ProgramData\Altium\Altium Designer {67983506-8AA5-4E98-BD5E-B69ABC7CD564}\old_BrowserCache_000
[1006/130559:ERROR:cache_creator.cc(129)] Unable to create cache
[1006/193412:ERROR:backend_impl.cc(2020)] Corrupt Index file
[1006/193412:ERROR:cache_util_win.cc(20)] Unable to move the cache: 5
[1006/193412:ERROR:cache_util.cc(134)] Unable to move cache folder C:\ProgramData\Altium\Altium Designer {67983506-8AA5-4E98-BD5E-B69ABC7CD564}\BrowserCache to C:\ProgramData\Altium\Altium Designer {67983506-8AA5-4E98-BD5E-B69ABC7CD564}\old_BrowserCache_000
[1006/193412:ERROR:cache_creator.cc(129)] Unable to create cache
[1007/110628:ERROR:backend_impl.cc(2020)] Corrupt Index file
[1007/110628:ERROR:cache_util_win.cc(20)] Unable to move the cache: 5
[1007/110628:ERROR:cache_util.cc(134)] Unable to move cache folder C:\ProgramData\Altium\Altium Designer {67983506-8AA5-4E98-BD5E-B69ABC7CD564}\BrowserCache to C:\ProgramData\Altium\Altium Designer {67983506-8AA5-4E98-BD5E-B69ABC7CD564}\old_BrowserCache_000
[1007/110628:ERROR:cache_creator.cc(129)] Unable to create cache
[1007/150846:ERROR:backend_impl.cc(2020)] Corrupt Index file
[1007/150846:ERROR:cache_util_win.cc(20)] Unable to move the cache: 5
[1007/150846:ERROR:cache_util.cc(134)] Unable to move cache folder C:\ProgramData\Altium\Altium Designer {67983506-8AA5-4E98-BD5E-B69ABC7CD564}\BrowserCache to C:\ProgramData\Altium\Altium Designer {67983506-8AA5-4E98-BD5E-B69ABC7CD564}\old_BrowserCache_000
[1007/150846:ERROR:cache_creator.cc(129)] Unable to create cache
[1013/125248:ERROR:backend_impl.cc(2020)] Corrupt Index file
[1013/125248:ERROR:cache_util_win.cc(20)] Unable to move the cache: 5
[1013/125248:ERROR:cache_util.cc(134)] Unable to move cache folder C:\ProgramData\Altium\Altium Designer {67983506-8AA5-4E98-BD5E-B69ABC7CD564}\BrowserCache to C:\ProgramData\Altium\Altium Designer {67983506-8AA5-4E98-BD5E-B69ABC7CD564}\old_BrowserCache_000
[1013/125248:ERROR:cache_creator.cc(129)] Unable to create cache
[1020/214607:ERROR:backend_impl.cc(2020)] Corrupt Index file
[1020/214607:ERROR:cache_util_win.cc(20)] Unable to move the cache: 5
[1020/214607:ERROR:cache_util.cc(134)] Unable to move cache folder C:\ProgramData\Altium\Altium Designer {67983506-8AA5-4E98-BD5E-B69ABC7CD564}\BrowserCache to C:\ProgramData\Altium\Altium Designer {67983506-8AA5-4E98-BD5E-B69ABC7CD564}\old_BrowserCache_000
[1020/214607:ERROR:cache_creator.cc(129)] Unable to create cache
[1021/170751:ERROR:backend_impl.cc(2020)] Corrupt Index file
[1021/170751:ERROR:cache_util_win.cc(20)] Unable to move the cache: 5
[1021/170751:ERROR:cache_util.cc(134)] Unable to move cache folder C:\ProgramData\Altium\Altium Designer {67983506-8AA5-4E98-BD5E-B69ABC7CD564}\BrowserCache to C:\ProgramData\Altium\Altium Designer {67983506-8AA5-4E98-BD5E-B69ABC7CD564}\old_BrowserCache_000
[1021/170751:ERROR:cache_creator.cc(129)] Unable to create cache
[1113/211801:ERROR:backend_impl.cc(2020)] Corrupt Index file
[1113/211801:ERROR:cache_util_win.cc(20)] Unable to move the cache: 5
[1113/211801:ERROR:cache_util.cc(134)] Unable to move cache folder C:\ProgramData\Altium\Altium Designer {67983506-8AA5-4E98-BD5E-B69ABC7CD564}\BrowserCache to C:\ProgramData\Altium\Altium Designer {67983506-8AA5-4E98-BD5E-B69ABC7CD564}\old_BrowserCache_000
[1113/211801:ERROR:cache_creator.cc(129)] Unable to create cache
[1115/113158:ERROR:backend_impl.cc(2020)] Corrupt Index file
[1115/113158:ERROR:cache_util_win.cc(20)] Unable to move the cache: 5
[1115/113158:ERROR:cache_util.cc(134)] Unable to move cache folder C:\ProgramData\Altium\Altium Designer {67983506-8AA5-4E98-BD5E-B69ABC7CD564}\BrowserCache to C:\ProgramData\Altium\Altium Designer {67983506-8AA5-4E98-BD5E-B69ABC7CD564}\old_BrowserCache_000
[1115/113158:ERROR:cache_creator.cc(129)] Unable to create cache
[1115/162621:ERROR:backend_impl.cc(2020)] Corrupt Index file
[1115/162621:ERROR:cache_util_win.cc(20)] Unable to move the cache: 5
[1115/162621:ERROR:cache_util.cc(134)] Unable to move cache folder C:\ProgramData\Altium\Altium Designer {67983506-8AA5-4E98-BD5E-B69ABC7CD564}\BrowserCache to C:\ProgramData\Altium\Altium Designer {67983506-8AA5-4E98-BD5E-B69ABC7CD564}\old_BrowserCache_000
[1115/162621:ERROR:cache_creator.cc(129)] Unable to create cache
[1121/211041:ERROR:backend_impl.cc(2020)] Corrupt Index file
[1121/211041:ERROR:cache_util_win.cc(20)] Unable to move the cache: 5
[1121/211041:ERROR:cache_util.cc(134)] Unable to move cache folder C:\ProgramData\Altium\Altium Designer {67983506-8AA5-4E98-BD5E-B69ABC7CD564}\BrowserCache to C:\ProgramData\Altium\Altium Designer {67983506-8AA5-4E98-BD5E-B69ABC7CD564}\old_BrowserCache_000
[1121/211041:ERROR:cache_creator.cc(129)] Unable to create cache
[1124/150430:ERROR:backend_impl.cc(2020)] Corrupt Index file
[1124/150430:ERROR:cache_util_win.cc(20)] Unable to move the cache: 5
[1124/150430:ERROR:cache_util.cc(134)] Unable to move cache folder C:\ProgramData\Altium\Altium Designer {67983506-8AA5-4E98-BD5E-B69ABC7CD564}\BrowserCache to C:\ProgramData\Altium\Altium Designer {67983506-8AA5-4E98-BD5E-B69ABC7CD564}\old_BrowserCache_000
[1124/150430:ERROR:cache_creator.cc(129)] Unable to create cache
[1124/161712:ERROR:backend_impl.cc(2020)] Corrupt Index file
[1124/161712:ERROR:cache_util_win.cc(20)] Unable to move the cache: 5
[1124/161712:ERROR:cache_util.cc(134)] Unable to move cache folder C:\ProgramData\Altium\Altium Designer {67983506-8AA5-4E98-BD5E-B69ABC7CD564}\BrowserCache to C:\ProgramData\Altium\Altium Designer {67983506-8AA5-4E98-BD5E-B69ABC7CD564}\old_BrowserCache_000
[1124/161712:ERROR:cache_creator.cc(129)] Unable to create cache
[1213/150328:ERROR:backend_impl.cc(2020)] Corrupt Index file
[1213/150328:ERROR:cache_util_win.cc(20)] Unable to move the cache: 5
[1213/150328:ERROR:cache_util.cc(134)] Unable to move cache folder C:\ProgramData\Altium\Altium Designer {67983506-8AA5-4E98-BD5E-B69ABC7CD564}\BrowserCache to C:\ProgramData\Altium\Altium Designer {67983506-8AA5-4E98-BD5E-B69ABC7CD564}\old_BrowserCache_000
[1213/150328:ERROR:cache_creator.cc(129)] Unable to create cache
[1220/155631:ERROR:backend_impl.cc(2020)] Corrupt Index file
[1220/155631:ERROR:cache_util_win.cc(20)] Unable to move the cache: 5
[1220/155631:ERROR:cache_util.cc(134)] Unable to move cache folder C:\ProgramData\Altium\Altium Designer {67983506-8AA5-4E98-BD5E-B69ABC7CD564}\BrowserCache to C:\ProgramData\Altium\Altium Designer {67983506-8AA5-4E98-BD5E-B69ABC7CD564}\old_BrowserCache_000
[1220/155631:ERROR:cache_creator.cc(129)] Unable to create cache
[1220/165920:ERROR:backend_impl.cc(2020)] Corrupt Index file
[1220/165920:ERROR:cache_util_win.cc(20)] Unable to move the cache: 5
[1220/165920:ERROR:cache_util.cc(134)] Unable to move cache folder C:\ProgramData\Altium\Altium Designer {67983506-8AA5-4E98-BD5E-B69ABC7CD564}\BrowserCache to C:\ProgramData\Altium\Altium Designer {67983506-8AA5-4E98-BD5E-B69ABC7CD564}\old_BrowserCache_000
[1220/165920:ERROR:cache_creator.cc(129)] Unable to create cache
[1228/153718:ERROR:backend_impl.cc(2020)] Corrupt Index file
[1228/153718:ERROR:cache_util_win.cc(20)] Unable to move the cache: 5
[1228/153718:ERROR:cache_util.cc(134)] Unable to move cache folder C:\ProgramData\Altium\Altium Designer {67983506-8AA5-4E98-BD5E-B69ABC7CD564}\BrowserCache to C:\ProgramData\Altium\Altium Designer {67983506-8AA5-4E98-BD5E-B69ABC7CD564}\old_BrowserCache_000
[1228/153718:ERROR:cache_creator.cc(129)] Unable to create cache
[0104/144801:ERROR:backend_impl.cc(2020)] Corrupt Index file
[0104/144801:ERROR:cache_util_win.cc(20)] Unable to move the cache: 5
[0104/144801:ERROR:cache_util.cc(134)] Unable to move cache folder C:\ProgramData\Altium\Altium Designer {67983506-8AA5-4E98-BD5E-B69ABC7CD564}\BrowserCache to C:\ProgramData\Altium\Altium Designer {67983506-8AA5-4E98-BD5E-B69ABC7CD564}\old_BrowserCache_000
[0104/144801:ERROR:cache_creator.cc(129)] Unable to create cache
[0104/145714:ERROR:browser_gpu_channel_host_factory.cc(119)] Failed to launch GPU process.
[0406/190549:ERROR:backend_impl.cc(2020)] Corrupt Index file
[0406/190549:ERROR:cache_util_win.cc(20)] Unable to move the cache: 5
[0406/190549:ERROR:cache_util.cc(134)] Unable to move cache folder C:\ProgramData\Altium\Altium Designer {67983506-8AA5-4E98-BD5E-B69ABC7CD564}\BrowserCache to C:\ProgramData\Altium\Altium Designer {67983506-8AA5-4E98-BD5E-B69ABC7CD564}\old_BrowserCache_000
[0406/190549:ERROR:cache_creator.cc(129)] Unable to create cache
[0414/192206:ERROR:backend_impl.cc(2020)] Corrupt Index file
[0414/192207:ERROR:cache_util_win.cc(20)] Unable to move the cache: 5
[0414/192207:ERROR:cache_util.cc(134)] Unable to move cache folder C:\ProgramData\Altium\Altium Designer {67983506-8AA5-4E98-BD5E-B69ABC7CD564}\BrowserCache to C:\ProgramData\Altium\Altium Designer {67983506-8AA5-4E98-BD5E-B69ABC7CD564}\old_BrowserCache_000
[0414/192207:ERROR:cache_creator.cc(129)] Unable to create cache
[0503/204720:ERROR:backend_impl.cc(2020)] Corrupt Index file
[0503/204720:ERROR:cache_util_win.cc(20)] Unable to move the cache: 5
[0503/204720:ERROR:cache_util.cc(134)] Unable to move cache folder C:\ProgramData\Altium\Altium Designer {67983506-8AA5-4E98-BD5E-B69ABC7CD564}\BrowserCache to C:\ProgramData\Altium\Altium Designer {67983506-8AA5-4E98-BD5E-B69ABC7CD564}\old_BrowserCache_000
[0503/204720:ERROR:cache_creator.cc(129)] Unable to create cache
[0503/235907:WARNING:dns_config_service_win.cc(665)] Failed to read DnsConfig.
[0504/005902:WARNING:dns_config_service_win.cc(665)] Failed to read DnsConfig.
[0504/030009:WARNING:dns_config_service_win.cc(665)] Failed to read DnsConfig.
[0504/040044:WARNING:dns_config_service_win.cc(665)] Failed to read DnsConfig.
[0504/050118:WARNING:dns_config_service_win.cc(665)] Failed to read DnsConfig.
[0504/060154:WARNING:dns_config_service_win.cc(665)] Failed to read DnsConfig.
[0504/070228:WARNING:dns_config_service_win.cc(665)] Failed to read DnsConfig.
[0504/080301:WARNING:dns_config_service_win.cc(665)] Failed to read DnsConfig.
[0504/092017:WARNING:dns_config_service_win.cc(665)] Failed to read DnsConfig.
[0504/102039:WARNING:dns_config_service_win.cc(665)] Failed to read DnsConfig.
[0504/102040:WARNING:dns_config_service_win.cc(665)] Failed to read DnsConfig.
