Removed Pin From Net: NetName=GND Pin=C4-1
Removed Pin From Net: NetName=GND Pin=C5-1
Removed Pin From Net: NetName=GND Pin=C6-1
Removed Pin From Net: NetName=GND Pin=C7-1
Removed Pin From Net: NetName=VCC Pin=R2-1
Removed Pin From Net: NetName=VCC Pin=R3-1
Removed Pin From Net: NetName=GND Pin=U1-2
Removed Member From Class: ClassName=stm8 Member=C4
Removed Member From Class: ClassName=stm8 Member=C5
Removed Member From Class: ClassName=stm8 Member=C6
Removed Member From Class: ClassName=stm8 Member=C7
Removed Member From Class: ClassName=stm8 Member=R2
Removed Member From Class: ClassName=stm8 Member=R3
Removed Member From Class: ClassName=stm8 Member=U1
Added Pin To Net: NetName=VCC Pin=J1-1
Added Pin To Net: NetName=VCC Pin=U3-10
Added Pin To Net: NetName=VCC Pin=U3-16
Added Pin To Net: NetName=VCC Pin=U4-10
Added Pin To Net: NetName=VCC Pin=U4-16
Added Pin To Net: NetName=VCC Pin=U5-28
Added Pin To Net: NetName=VCC Pin=U6-16
Change Net Name : Old Net Name=VCC New Net Name=5V
