Removed Pin From Net: NetName=TMS_SWDIO Pin=U1-10
Removed Pin From Net: NetName=TCK_SWCLK Pin=U1-14
Removed Pin From Net: NetName=nRST Pin=U1-16
Removed Pin From Net: NetName=LED_RUN Pin=U1-25
Removed Pin From Net: NetName=LED_CON Pin=U1-26
Change Component Designator: OldDesignator=USB? NewDesignator=USB1
Added Component: Designator=R9(0603_R)
Add component. Clean all parameters for all variants
Add component (AddParameter): Name = "LatestRevisionDate"; Value = "17-Jul-2002"; VariantName = "[No Variations]"
Add component (AddParameter): Name = "LatestRevisionNote"; Value = "Re-released for DXP Platform."; VariantName = "[No Variations]"
Add component (AddParameter): Name = "PackageDescription"; Value = "Axial Device, Thru-Hole; 2 Leads; 0.3 in Pin Spacing"; VariantName = "[No Variations]"
Add component (AddParameter): Name = "PackageReference"; Value = "AXIAL-0.3"; VariantName = "[No Variations]"
Add component (AddParameter): Name = "Published"; Value = "8-Jun-2000"; VariantName = "[No Variations]"
Add component (AddParameter): Name = "Publisher"; Value = "Altium Limited"; VariantName = "[No Variations]"
Add component (AddParameter): Name = "Value"; Value = "10K"; VariantName = "[No Variations]"
Added Component: Designator=R10(0603_R)
Add component. Clean all parameters for all variants
Add component (AddParameter): Name = "LatestRevisionDate"; Value = "17-Jul-2002"; VariantName = "[No Variations]"
Add component (AddParameter): Name = "LatestRevisionNote"; Value = "Re-released for DXP Platform."; VariantName = "[No Variations]"
Add component (AddParameter): Name = "PackageDescription"; Value = "Axial Device, Thru-Hole; 2 Leads; 0.3 in Pin Spacing"; VariantName = "[No Variations]"
Add component (AddParameter): Name = "PackageReference"; Value = "AXIAL-0.3"; VariantName = "[No Variations]"
Add component (AddParameter): Name = "Published"; Value = "8-Jun-2000"; VariantName = "[No Variations]"
Add component (AddParameter): Name = "Publisher"; Value = "Altium Limited"; VariantName = "[No Variations]"
Add component (AddParameter): Name = "Value"; Value = "100R"; VariantName = "[No Variations]"
Added Pin To Net: NetName=3V3 Pin=R9-1
Added Pin To Net: NetName=nRST Pin=R9-2
Added Pin To Net: NetName=TMS_SWDIO Pin=R10-1
Added Pin To Net: NetName=nRST Pin=U1-18
Added Pin To Net: NetName=TCK_SWCLK Pin=U1-26
Added Pin To Net: NetName=TMS_SWDIO Pin=U1-27
Added Pin To Net: NetName=LED_RUN Pin=U1-30
Added Pin To Net: NetName=LED_CON Pin=U1-42
Added Pin To Net: NetName=NetR10_2 Pin=R10-2
Added Pin To Net: NetName=NetR10_2 Pin=U1-25
Added Net: Name=NetR10_2
Added Member To Class: ClassName=nanoDAP Member=Component R9 R0603
Added Member To Class: ClassName=nanoDAP Member=Component R10 R0603
